C:\EPICFORCEBACKUP\EPICFORCEENGINE\EPICFORCEENGINE\PREBUILT\DEBUG\MAIN.OBJ
C:\EPICFORCEBACKUP\EPICFORCEENGINE\EPICFORCEENGINE\PREBUILT\DEBUG\TINYSTR.OBJ
C:\EPICFORCEBACKUP\EPICFORCEENGINE\EPICFORCEENGINE\PREBUILT\DEBUG\TINYXML.OBJ
C:\EPICFORCEBACKUP\EPICFORCEENGINE\EPICFORCEENGINE\PREBUILT\DEBUG\TINYXMLERROR.OBJ
C:\EPICFORCEBACKUP\EPICFORCEENGINE\EPICFORCEENGINE\PREBUILT\DEBUG\TINYXMLPARSER.OBJ
C:\EPICFORCEBACKUP\EPICFORCEENGINE\EPICFORCEENGINE\PREBUILT\DEBUG\VC110.PDB
C:\EPICFORCEBACKUP\EPICFORCEENGINE\EPICFORCEENGINE\DEBUG\PREBUILT.ILK
C:\EPICFORCEBACKUP\EPICFORCEENGINE\EPICFORCEENGINE\DEBUG\PREBUILT.EXE
C:\EPICFORCEBACKUP\EPICFORCEENGINE\EPICFORCEENGINE\DEBUG\PREBUILT.PDB
C:\EpicForceBackup\EpicForceEngine\EpicForceEngine\Prebuilt\Debug\main.obj
C:\EpicForceBackup\EpicForceEngine\EpicForceEngine\Prebuilt\Debug\tinystr.obj
C:\EpicForceBackup\EpicForceEngine\EpicForceEngine\Prebuilt\Debug\tinyxml.obj
C:\EpicForceBackup\EpicForceEngine\EpicForceEngine\Prebuilt\Debug\tinyxmlerror.obj
C:\EpicForceBackup\EpicForceEngine\EpicForceEngine\Prebuilt\Debug\tinyxmlparser.obj
C:\EpicForceBackup\EpicForceEngine\EpicForceEngine\Prebuilt\Debug\cl.command.1.tlog
C:\EpicForceBackup\EpicForceEngine\EpicForceEngine\Prebuilt\Debug\CL.read.1.tlog
C:\EpicForceBackup\EpicForceEngine\EpicForceEngine\Prebuilt\Debug\CL.write.1.tlog
C:\EpicForceBackup\EpicForceEngine\EpicForceEngine\Prebuilt\Debug\link-cvtres.read.1.tlog
C:\EpicForceBackup\EpicForceEngine\EpicForceEngine\Prebuilt\Debug\link-cvtres.write.1.tlog
C:\EpicForceBackup\EpicForceEngine\EpicForceEngine\Prebuilt\Debug\link-rc.read.1.tlog
C:\EpicForceBackup\EpicForceEngine\EpicForceEngine\Prebuilt\Debug\link-rc.write.1.tlog
C:\EpicForceBackup\EpicForceEngine\EpicForceEngine\Prebuilt\Debug\link.command.1.tlog
C:\EpicForceBackup\EpicForceEngine\EpicForceEngine\Prebuilt\Debug\link.read.1.tlog
C:\EpicForceBackup\EpicForceEngine\EpicForceEngine\Prebuilt\Debug\link.write.1.tlog
C:\EpicForceBackup\EpicForceEngine\EpicForceEngine\Prebuilt\Debug\vc110.idb
C:\EpicForceBackup\EpicForceEngine\EpicForceEngine\Prebuilt\Debug\vc110.pdb
