C:\EPICFORCEBACKUP\EPICFORCEENGINE\EPICFORCEENGINE\WXMAGNUMEDITOR\DEBUG\WXARRAYVECTOR4SPINNERCTRL.OBJ
C:\EPICFORCEBACKUP\EPICFORCEENGINE\EPICFORCEENGINE\WXMAGNUMEDITOR\DEBUG\WXBOOLCTRL.OBJ
C:\EPICFORCEBACKUP\EPICFORCEENGINE\EPICFORCEENGINE\WXMAGNUMEDITOR\DEBUG\WXCOLLAPSEPANELCTRL.OBJ
C:\EPICFORCEBACKUP\EPICFORCEENGINE\EPICFORCEENGINE\WXMAGNUMEDITOR\DEBUG\WXCOLORDLG.OBJ
C:\EPICFORCEBACKUP\EPICFORCEENGINE\EPICFORCEENGINE\WXMAGNUMEDITOR\DEBUG\WXCOLORRGBACTRL.OBJ
C:\EPICFORCEBACKUP\EPICFORCEENGINE\EPICFORCEENGINE\WXMAGNUMEDITOR\DEBUG\WXDOUBLESPINNERCTRL.OBJ
C:\EPICFORCEBACKUP\EPICFORCEENGINE\EPICFORCEENGINE\WXMAGNUMEDITOR\DEBUG\WXFLOATSPINNERCTRL.OBJ
C:\EPICFORCEBACKUP\EPICFORCEENGINE\EPICFORCEENGINE\WXMAGNUMEDITOR\DEBUG\WXINTSPINNERCTRL.OBJ
C:\EPICFORCEBACKUP\EPICFORCEENGINE\EPICFORCEENGINE\WXMAGNUMEDITOR\DEBUG\WXIVECTOR2SPINNERCTRL.OBJ
C:\EPICFORCEBACKUP\EPICFORCEENGINE\EPICFORCEENGINE\WXMAGNUMEDITOR\DEBUG\WXIVECTOR3SPINNERCTRL.OBJ
C:\EPICFORCEBACKUP\EPICFORCEENGINE\EPICFORCEENGINE\WXMAGNUMEDITOR\DEBUG\WXIVECTOR4SPINNERCTRL.OBJ
C:\EPICFORCEBACKUP\EPICFORCEENGINE\EPICFORCEENGINE\WXMAGNUMEDITOR\DEBUG\WXLABELCTRL.OBJ
C:\EPICFORCEBACKUP\EPICFORCEENGINE\EPICFORCEENGINE\WXMAGNUMEDITOR\DEBUG\WXPROJECTDLG.OBJ
C:\EPICFORCEBACKUP\EPICFORCEENGINE\EPICFORCEENGINE\WXMAGNUMEDITOR\DEBUG\WXRESOURCEPATHCTRL.OBJ
C:\EPICFORCEBACKUP\EPICFORCEENGINE\EPICFORCEENGINE\WXMAGNUMEDITOR\DEBUG\WXSTRINGCTRL.OBJ
C:\EPICFORCEBACKUP\EPICFORCEENGINE\EPICFORCEENGINE\WXMAGNUMEDITOR\DEBUG\WXSRTTRANSFORMCTRL.OBJ
C:\EPICFORCEBACKUP\EPICFORCEENGINE\EPICFORCEENGINE\WXMAGNUMEDITOR\DEBUG\WXUINTSPINNERCTRL.OBJ
C:\EPICFORCEBACKUP\EPICFORCEENGINE\EPICFORCEENGINE\WXMAGNUMEDITOR\DEBUG\WXVECTOR2SPINNERCTRL.OBJ
C:\EPICFORCEBACKUP\EPICFORCEENGINE\EPICFORCEENGINE\WXMAGNUMEDITOR\DEBUG\WXVECTOR3SPINNERCTRL.OBJ
C:\EPICFORCEBACKUP\EPICFORCEENGINE\EPICFORCEENGINE\WXMAGNUMEDITOR\DEBUG\WXVECTOR4SPINNERCTRL.OBJ
C:\EPICFORCEBACKUP\EPICFORCEENGINE\EPICFORCEENGINE\WXMAGNUMEDITOR\DEBUG\POINTERTREEITEMMAP.OBJ
C:\EPICFORCEBACKUP\EPICFORCEENGINE\EPICFORCEENGINE\WXMAGNUMEDITOR\DEBUG\PROJECTVIEW.OBJ
C:\EPICFORCEBACKUP\EPICFORCEENGINE\EPICFORCEENGINE\WXMAGNUMEDITOR\DEBUG\RESOURCEIMPORTDRAGDROP.OBJ
C:\EPICFORCEBACKUP\EPICFORCEENGINE\EPICFORCEENGINE\WXMAGNUMEDITOR\DEBUG\RESOURCEIMPORTERVIEW.OBJ
C:\EPICFORCEBACKUP\EPICFORCEENGINE\EPICFORCEENGINE\WXMAGNUMEDITOR\DEBUG\SCENEVIEW.OBJ
C:\EPICFORCEBACKUP\EPICFORCEENGINE\EPICFORCEENGINE\WXMAGNUMEDITOR\DEBUG\WXARRAYBOOLCTRL.OBJ
C:\EPICFORCEBACKUP\EPICFORCEENGINE\EPICFORCEENGINE\WXMAGNUMEDITOR\DEBUG\WXARRAYCOLORRGBACTRL.OBJ
C:\EPICFORCEBACKUP\EPICFORCEENGINE\EPICFORCEENGINE\WXMAGNUMEDITOR\DEBUG\WXARRAYDOUBLESPINNERCTRL.OBJ
C:\EPICFORCEBACKUP\EPICFORCEENGINE\EPICFORCEENGINE\WXMAGNUMEDITOR\DEBUG\WXARRAYFLOATSPINNERCTRL.OBJ
C:\EPICFORCEBACKUP\EPICFORCEENGINE\EPICFORCEENGINE\WXMAGNUMEDITOR\DEBUG\WXARRAYINTSPINNERCTRL.OBJ
C:\EPICFORCEBACKUP\EPICFORCEENGINE\EPICFORCEENGINE\WXMAGNUMEDITOR\DEBUG\WXARRAYIVECTOR2SPINNERCTRL.OBJ
C:\EPICFORCEBACKUP\EPICFORCEENGINE\EPICFORCEENGINE\WXMAGNUMEDITOR\DEBUG\WXARRAYIVECTOR3SPINNERCTRL.OBJ
C:\EPICFORCEBACKUP\EPICFORCEENGINE\EPICFORCEENGINE\WXMAGNUMEDITOR\DEBUG\WXARRAYIVECTOR4SPINNERCTRL.OBJ
C:\EPICFORCEBACKUP\EPICFORCEENGINE\EPICFORCEENGINE\WXMAGNUMEDITOR\DEBUG\WXARRAYLENGTHCTRL.OBJ
C:\EPICFORCEBACKUP\EPICFORCEENGINE\EPICFORCEENGINE\WXMAGNUMEDITOR\DEBUG\WXARRAYRESOURCEPATHCTRL.OBJ
C:\EPICFORCEBACKUP\EPICFORCEENGINE\EPICFORCEENGINE\WXMAGNUMEDITOR\DEBUG\WXARRAYSRTTRANSFORMCTRL.OBJ
C:\EPICFORCEBACKUP\EPICFORCEENGINE\EPICFORCEENGINE\WXMAGNUMEDITOR\DEBUG\WXARRAYSTRINGCTRL.OBJ
C:\EPICFORCEBACKUP\EPICFORCEENGINE\EPICFORCEENGINE\WXMAGNUMEDITOR\DEBUG\WXARRAYUINTSPINNERCTRL.OBJ
C:\EPICFORCEBACKUP\EPICFORCEENGINE\EPICFORCEENGINE\WXMAGNUMEDITOR\DEBUG\WXARRAYVECTOR2SPINNERCTRL.OBJ
C:\EPICFORCEBACKUP\EPICFORCEENGINE\EPICFORCEENGINE\WXMAGNUMEDITOR\DEBUG\WXARRAYVECTOR3SPINNERCTRL.OBJ
C:\EPICFORCEBACKUP\EPICFORCEENGINE\EPICFORCEENGINE\WXMAGNUMEDITOR\DEBUG\BITMAPCREATER.OBJ
C:\EPICFORCEBACKUP\EPICFORCEENGINE\EPICFORCEENGINE\WXMAGNUMEDITOR\DEBUG\BUILDMODETOOLBARVIEW.OBJ
C:\EPICFORCEBACKUP\EPICFORCEENGINE\EPICFORCEENGINE\WXMAGNUMEDITOR\DEBUG\CONFIG.OBJ
C:\EPICFORCEBACKUP\EPICFORCEENGINE\EPICFORCEENGINE\WXMAGNUMEDITOR\DEBUG\EDITTOOLBARVIEW.OBJ
C:\EPICFORCEBACKUP\EPICFORCEENGINE\EPICFORCEENGINE\WXMAGNUMEDITOR\DEBUG\FILETOOLBARVIEW.OBJ
C:\EPICFORCEBACKUP\EPICFORCEENGINE\EPICFORCEENGINE\WXMAGNUMEDITOR\DEBUG\MISCBTOOLBARVIEW.OBJ
C:\EPICFORCEBACKUP\EPICFORCEENGINE\EPICFORCEENGINE\WXMAGNUMEDITOR\DEBUG\MISCATOOLBARVIEW.OBJ
C:\EPICFORCEBACKUP\EPICFORCEENGINE\EPICFORCEENGINE\WXMAGNUMEDITOR\DEBUG\OPERATIONMODETOOLBARVIEW.OBJ
C:\EPICFORCEBACKUP\EPICFORCEENGINE\EPICFORCEENGINE\WXMAGNUMEDITOR\DEBUG\PLAYMODETOOLBARVIEW.OBJ
C:\EPICFORCEBACKUP\EPICFORCEENGINE\EPICFORCEENGINE\WXMAGNUMEDITOR\DEBUG\REFLECTEDCLASSPROPERTYPANEL.OBJ
C:\EPICFORCEBACKUP\EPICFORCEENGINE\EPICFORCEENGINE\WXMAGNUMEDITOR\DEBUG\DEBUGVIEW.OBJ
C:\EPICFORCEBACKUP\EPICFORCEENGINE\EPICFORCEENGINE\WXMAGNUMEDITOR\DEBUG\EGLDRIVER20.OBJ
C:\EPICFORCEBACKUP\EPICFORCEENGINE\EPICFORCEENGINE\WXMAGNUMEDITOR\DEBUG\ENTITYCREATORSVIEW.OBJ
C:\EPICFORCEBACKUP\EPICFORCEENGINE\EPICFORCEENGINE\WXMAGNUMEDITOR\DEBUG\ENTITYDRAGDROP.OBJ
C:\EPICFORCEBACKUP\EPICFORCEENGINE\EPICFORCEENGINE\WXMAGNUMEDITOR\DEBUG\ENTITYPANEL.OBJ
C:\EPICFORCEBACKUP\EPICFORCEENGINE\EPICFORCEENGINE\WXMAGNUMEDITOR\DEBUG\HIERARCHYVIEW.OBJ
C:\EPICFORCEBACKUP\EPICFORCEENGINE\EPICFORCEENGINE\WXMAGNUMEDITOR\DEBUG\INPUTDATA.OBJ
C:\EPICFORCEBACKUP\EPICFORCEENGINE\EPICFORCEENGINE\WXMAGNUMEDITOR\DEBUG\INSPECTORVIEW.OBJ
C:\EPICFORCEBACKUP\EPICFORCEENGINE\EPICFORCEENGINE\WXMAGNUMEDITOR\DEBUG\LOCALIZATION.OBJ
C:\EPICFORCEBACKUP\EPICFORCEENGINE\EPICFORCEENGINE\WXMAGNUMEDITOR\DEBUG\MAIN.OBJ
C:\EPICFORCEBACKUP\EPICFORCEENGINE\EPICFORCEENGINE\WXMAGNUMEDITOR\DEBUG\VC110.PDB
C:\EPICFORCEBACKUP\EPICFORCEENGINE\EPICFORCEENGINE\DEBUG\WXMAGNUMEDITOR.ILK
C:\EPICFORCEBACKUP\EPICFORCEENGINE\EPICFORCEENGINE\DEBUG\WXMAGNUMEDITOR.EXE
C:\EPICFORCEBACKUP\EPICFORCEENGINE\EPICFORCEENGINE\DEBUG\WXMAGNUMEDITOR.PDB
C:\EpicForceBackup\EpicForceEngine\EpicForceEngine\WxMagnumEditor\Debug\BitmapCreater.obj
C:\EpicForceBackup\EpicForceEngine\EpicForceEngine\WxMagnumEditor\Debug\BuildModeToolBarView.obj
C:\EpicForceBackup\EpicForceEngine\EpicForceEngine\WxMagnumEditor\Debug\Config.obj
C:\EpicForceBackup\EpicForceEngine\EpicForceEngine\WxMagnumEditor\Debug\DebugView.obj
C:\EpicForceBackup\EpicForceEngine\EpicForceEngine\WxMagnumEditor\Debug\EditToolBarView.obj
C:\EpicForceBackup\EpicForceEngine\EpicForceEngine\WxMagnumEditor\Debug\EGLDriver20.obj
C:\EpicForceBackup\EpicForceEngine\EpicForceEngine\WxMagnumEditor\Debug\EntityCreatorsView.obj
C:\EpicForceBackup\EpicForceEngine\EpicForceEngine\WxMagnumEditor\Debug\EntityDragDrop.obj
C:\EpicForceBackup\EpicForceEngine\EpicForceEngine\WxMagnumEditor\Debug\EntityPanel.obj
C:\EpicForceBackup\EpicForceEngine\EpicForceEngine\WxMagnumEditor\Debug\FileToolBarView.obj
C:\EpicForceBackup\EpicForceEngine\EpicForceEngine\WxMagnumEditor\Debug\HierarchyView.obj
C:\EpicForceBackup\EpicForceEngine\EpicForceEngine\WxMagnumEditor\Debug\InputData.obj
C:\EpicForceBackup\EpicForceEngine\EpicForceEngine\WxMagnumEditor\Debug\InspectorView.obj
C:\EpicForceBackup\EpicForceEngine\EpicForceEngine\WxMagnumEditor\Debug\Localization.obj
C:\EpicForceBackup\EpicForceEngine\EpicForceEngine\WxMagnumEditor\Debug\main.obj
C:\EpicForceBackup\EpicForceEngine\EpicForceEngine\WxMagnumEditor\Debug\MiscAToolBarView.obj
C:\EpicForceBackup\EpicForceEngine\EpicForceEngine\WxMagnumEditor\Debug\MiscBToolBarView.obj
C:\EpicForceBackup\EpicForceEngine\EpicForceEngine\WxMagnumEditor\Debug\OperationModeToolBarView.obj
C:\EpicForceBackup\EpicForceEngine\EpicForceEngine\WxMagnumEditor\Debug\PlayModeToolBarView.obj
C:\EpicForceBackup\EpicForceEngine\EpicForceEngine\WxMagnumEditor\Debug\PointerTreeItemMap.obj
C:\EpicForceBackup\EpicForceEngine\EpicForceEngine\WxMagnumEditor\Debug\ProjectView.obj
C:\EpicForceBackup\EpicForceEngine\EpicForceEngine\WxMagnumEditor\Debug\ReflectedClassPropertyPanel.obj
C:\EpicForceBackup\EpicForceEngine\EpicForceEngine\WxMagnumEditor\Debug\ResourceImportDragDrop.obj
C:\EpicForceBackup\EpicForceEngine\EpicForceEngine\WxMagnumEditor\Debug\ResourceImporterView.obj
C:\EpicForceBackup\EpicForceEngine\EpicForceEngine\WxMagnumEditor\Debug\SceneView.obj
C:\EpicForceBackup\EpicForceEngine\EpicForceEngine\WxMagnumEditor\Debug\wxArrayBoolCtrl.obj
C:\EpicForceBackup\EpicForceEngine\EpicForceEngine\WxMagnumEditor\Debug\wxArrayColorRGBACtrl.obj
C:\EpicForceBackup\EpicForceEngine\EpicForceEngine\WxMagnumEditor\Debug\wxArrayDoubleSpinnerCtrl.obj
C:\EpicForceBackup\EpicForceEngine\EpicForceEngine\WxMagnumEditor\Debug\wxArrayFloatSpinnerCtrl.obj
C:\EpicForceBackup\EpicForceEngine\EpicForceEngine\WxMagnumEditor\Debug\wxArrayIntSpinnerCtrl.obj
C:\EpicForceBackup\EpicForceEngine\EpicForceEngine\WxMagnumEditor\Debug\wxArrayIVector2SpinnerCtrl.obj
C:\EpicForceBackup\EpicForceEngine\EpicForceEngine\WxMagnumEditor\Debug\wxArrayIVector3SpinnerCtrl.obj
C:\EpicForceBackup\EpicForceEngine\EpicForceEngine\WxMagnumEditor\Debug\wxArrayIVector4SpinnerCtrl.obj
C:\EpicForceBackup\EpicForceEngine\EpicForceEngine\WxMagnumEditor\Debug\wxArrayLengthCtrl.obj
C:\EpicForceBackup\EpicForceEngine\EpicForceEngine\WxMagnumEditor\Debug\wxArrayResourcePathCtrl.obj
C:\EpicForceBackup\EpicForceEngine\EpicForceEngine\WxMagnumEditor\Debug\wxArraySRTTRansformCtrl.obj
C:\EpicForceBackup\EpicForceEngine\EpicForceEngine\WxMagnumEditor\Debug\wxArrayStringCtrl.obj
C:\EpicForceBackup\EpicForceEngine\EpicForceEngine\WxMagnumEditor\Debug\wxArrayUIntSpinnerCtrl.obj
C:\EpicForceBackup\EpicForceEngine\EpicForceEngine\WxMagnumEditor\Debug\wxArrayVector2SpinnerCtrl.obj
C:\EpicForceBackup\EpicForceEngine\EpicForceEngine\WxMagnumEditor\Debug\wxArrayVector3SpinnerCtrl.obj
C:\EpicForceBackup\EpicForceEngine\EpicForceEngine\WxMagnumEditor\Debug\wxArrayVector4SpinnerCtrl.obj
C:\EpicForceBackup\EpicForceEngine\EpicForceEngine\WxMagnumEditor\Debug\wxBoolCtrl.obj
C:\EpicForceBackup\EpicForceEngine\EpicForceEngine\WxMagnumEditor\Debug\wxCollapsePanelCtrl.obj
C:\EpicForceBackup\EpicForceEngine\EpicForceEngine\WxMagnumEditor\Debug\wxColorDlg.obj
C:\EpicForceBackup\EpicForceEngine\EpicForceEngine\WxMagnumEditor\Debug\wxColorRGBACtrl.obj
C:\EpicForceBackup\EpicForceEngine\EpicForceEngine\WxMagnumEditor\Debug\wxDoubleSpinnerCtrl.obj
C:\EpicForceBackup\EpicForceEngine\EpicForceEngine\WxMagnumEditor\Debug\wxFloatSpinnerCtrl.obj
C:\EpicForceBackup\EpicForceEngine\EpicForceEngine\WxMagnumEditor\Debug\wxIntSpinnerCtrl.obj
C:\EpicForceBackup\EpicForceEngine\EpicForceEngine\WxMagnumEditor\Debug\wxIVector2SpinnerCtrl.obj
C:\EpicForceBackup\EpicForceEngine\EpicForceEngine\WxMagnumEditor\Debug\wxIVector3SpinnerCtrl.obj
C:\EpicForceBackup\EpicForceEngine\EpicForceEngine\WxMagnumEditor\Debug\wxIVector4SpinnerCtrl.obj
C:\EpicForceBackup\EpicForceEngine\EpicForceEngine\WxMagnumEditor\Debug\wxLabelCtrl.obj
C:\EpicForceBackup\EpicForceEngine\EpicForceEngine\WxMagnumEditor\Debug\wxProjectDlg.obj
C:\EpicForceBackup\EpicForceEngine\EpicForceEngine\WxMagnumEditor\Debug\wxResourcePathCtrl.obj
C:\EpicForceBackup\EpicForceEngine\EpicForceEngine\WxMagnumEditor\Debug\wxSRTTransformCtrl.obj
C:\EpicForceBackup\EpicForceEngine\EpicForceEngine\WxMagnumEditor\Debug\wxStringCtrl.obj
C:\EpicForceBackup\EpicForceEngine\EpicForceEngine\WxMagnumEditor\Debug\wxUIntSpinnerCtrl.obj
C:\EpicForceBackup\EpicForceEngine\EpicForceEngine\WxMagnumEditor\Debug\wxVector2SpinnerCtrl.obj
C:\EpicForceBackup\EpicForceEngine\EpicForceEngine\WxMagnumEditor\Debug\wxVector3SpinnerCtrl.obj
C:\EpicForceBackup\EpicForceEngine\EpicForceEngine\WxMagnumEditor\Debug\wxVector4SpinnerCtrl.obj
C:\EpicForceBackup\EpicForceEngine\EpicForceEngine\WxMagnumEditor\Debug\cl.command.1.tlog
C:\EpicForceBackup\EpicForceEngine\EpicForceEngine\WxMagnumEditor\Debug\CL.read.1.tlog
C:\EpicForceBackup\EpicForceEngine\EpicForceEngine\WxMagnumEditor\Debug\CL.write.1.tlog
C:\EpicForceBackup\EpicForceEngine\EpicForceEngine\WxMagnumEditor\Debug\link-cvtres.read.1.tlog
C:\EpicForceBackup\EpicForceEngine\EpicForceEngine\WxMagnumEditor\Debug\link-cvtres.write.1.tlog
C:\EpicForceBackup\EpicForceEngine\EpicForceEngine\WxMagnumEditor\Debug\link-rc.read.1.tlog
C:\EpicForceBackup\EpicForceEngine\EpicForceEngine\WxMagnumEditor\Debug\link-rc.write.1.tlog
C:\EpicForceBackup\EpicForceEngine\EpicForceEngine\WxMagnumEditor\Debug\link.command.1.tlog
C:\EpicForceBackup\EpicForceEngine\EpicForceEngine\WxMagnumEditor\Debug\link.read.1.tlog
C:\EpicForceBackup\EpicForceEngine\EpicForceEngine\WxMagnumEditor\Debug\link.read.2.tlog
C:\EpicForceBackup\EpicForceEngine\EpicForceEngine\WxMagnumEditor\Debug\link.write.1.tlog
C:\EpicForceBackup\EpicForceEngine\EpicForceEngine\WxMagnumEditor\Debug\vc110.idb
C:\EpicForceBackup\EpicForceEngine\EpicForceEngine\WxMagnumEditor\Debug\vc110.pdb
