Build started 1/19/2015 7:30:16 PM.
     1>Project "C:\EpicForceBackup\EpicForceEngine\EpicForceEngine\MagnumPCLauncher\MagnumPCLauncher.vcxproj" on node 2 (Build target(s)).
     1>InitializeBuildStatus:
         Touching "Release\MagnumPCLauncher.unsuccessfulbuild".
       ClCompile:
         All outputs are up-to-date.
         All outputs are up-to-date.
       ResourceCompile:
         All outputs are up-to-date.
       Link:
         C:\Program Files (x86)\Microsoft Visual Studio 11.0\VC\bin\link.exe /ERRORREPORT:PROMPT /OUT:"C:\EpicForceBackup\EpicForceEngine\EpicForceEngine\Release\MagnumPCLauncher.exe" /INCREMENTAL:NO /NOLOGO /LIBPATH:C:\EpicForceBackup\EpicForceEngine\EpicForceEngine\Release\ /LIBPATH:../MagnumEngineLib/SDK/GLEW/Lib /LIBPATH:../MagnumEngineLib/SDK/OpenGLES/GL2/Lib MagnumEngineLib.lib kernel32.lib user32.lib gdi32.lib winspool.lib comdlg32.lib advapi32.lib shell32.lib ole32.lib oleaut32.lib uuid.lib odbc32.lib odbccp32.lib kernel32.lib user32.lib gdi32.lib winspool.lib comdlg32.lib advapi32.lib shell32.lib ole32.lib oleaut32.lib uuid.lib odbc32.lib odbccp32.lib /MANIFEST /MANIFESTUAC:"level='asInvoker' uiAccess='false'" /manifest:embed /DEBUG /PDB:"C:\EpicForceBackup\EpicForceEngine\EpicForceEngine\Release\MagnumPCLauncher.pdb" /SUBSYSTEM:WINDOWS /OPT:REF /OPT:ICF /LTCG /TLBID:1 /DYNAMICBASE /NXCOMPAT /IMPLIB:"C:\EpicForceBackup\EpicForceEngine\EpicForceEngine\Release\MagnumPCLauncher.lib" /MACHINE:X86 /SAFESEH Release\MagnumPCLauncher.res
         Release\AnyOption.obj
         Release\EGLDriver20.obj
         Release\MagnumPCLauncher.obj
         Release\InputData.obj
         Release\stdafx.obj
         Generating code
         Finished generating code
         MagnumPCLauncher.vcxproj -> C:\EpicForceBackup\EpicForceEngine\EpicForceEngine\Release\MagnumPCLauncher.exe
       FinalizeBuildStatus:
         Deleting file "Release\MagnumPCLauncher.unsuccessfulbuild".
         Touching "Release\MagnumPCLauncher.lastbuildstate".
     1>Done Building Project "C:\EpicForceBackup\EpicForceEngine\EpicForceEngine\MagnumPCLauncher\MagnumPCLauncher.vcxproj" (Build target(s)).

Build succeeded.

Time Elapsed 00:00:00.90
