C:\EPICFORCEBACKUP\EPICFORCEENGINE\EPICFORCEENGINE\GAME\DEBUG\MACDEMOSKYSPHEREENTITY.OBJ
C:\EPICFORCEBACKUP\EPICFORCEENGINE\EPICFORCEENGINE\GAME\DEBUG\MACDEMOBILLBOARDENTITY.OBJ
C:\EPICFORCEBACKUP\EPICFORCEENGINE\EPICFORCEENGINE\GAME\DEBUG\MACDEMOCUBEENTITY.OBJ
C:\EPICFORCEBACKUP\EPICFORCEENGINE\EPICFORCEENGINE\GAME\DEBUG\MACDEMODIFFUSEMAPCUBEENTITY.OBJ
C:\EPICFORCEBACKUP\EPICFORCEENGINE\EPICFORCEENGINE\GAME\DEBUG\MACDEMODIFFUSEMAPSPECULARMAPCUBEENTITY.OBJ
C:\EPICFORCEBACKUP\EPICFORCEENGINE\EPICFORCEENGINE\GAME\DEBUG\MAGNUMGAME.OBJ
C:\EPICFORCEBACKUP\EPICFORCEENGINE\EPICFORCEENGINE\GAME\DEBUG\BUILDMENUSTATE.OBJ
C:\EPICFORCEBACKUP\EPICFORCEENGINE\EPICFORCEENGINE\GAME\DEBUG\GLOBALSTATE.OBJ
C:\EPICFORCEBACKUP\EPICFORCEENGINE\EPICFORCEENGINE\GAME\DEBUG\DEBUGMENUSTATE.OBJ
C:\EPICFORCEBACKUP\EPICFORCEENGINE\EPICFORCEENGINE\GAME\DEBUG\EDITMENUSTATE.OBJ
C:\EPICFORCEBACKUP\EPICFORCEENGINE\EPICFORCEENGINE\GAME\DEBUG\FILEMENUSTATE.OBJ
C:\EPICFORCEBACKUP\EPICFORCEENGINE\EPICFORCEENGINE\GAME\DEBUG\HELPMENUSTATE.OBJ
C:\EPICFORCEBACKUP\EPICFORCEENGINE\EPICFORCEENGINE\GAME\DEBUG\MACDEMOSCENE.OBJ
C:\EPICFORCEBACKUP\EPICFORCEENGINE\EPICFORCEENGINE\GAME\DEBUG\MODELVIEWEDITORSCENE.OBJ
C:\EPICFORCEBACKUP\EPICFORCEENGINE\EPICFORCEENGINE\GAME\DEBUG\OPERATIONMENUSTATE.OBJ
C:\EPICFORCEBACKUP\EPICFORCEENGINE\EPICFORCEENGINE\GAME\DEBUG\PLAYMODESCENE.OBJ
C:\EPICFORCEBACKUP\EPICFORCEENGINE\EPICFORCEENGINE\GAME\DEBUG\UPDATEASSETSSTATE.OBJ
C:\EPICFORCEBACKUP\EPICFORCEENGINE\EPICFORCEENGINE\GAME\DEBUG\PROJECTMODELFSM.OBJ
C:\EPICFORCEBACKUP\EPICFORCEENGINE\EPICFORCEENGINE\GAME\DEBUG\PROJECTMODEL.OBJ
C:\EPICFORCEBACKUP\EPICFORCEENGINE\EPICFORCEENGINE\GAME\DEBUG\STARTSTATE.OBJ
C:\EPICFORCEBACKUP\EPICFORCEENGINE\EPICFORCEENGINE\GAME\DEBUG\MACDEMOAUDIOLISTENERENTITY.OBJ
C:\EPICFORCEBACKUP\EPICFORCEENGINE\EPICFORCEENGINE\GAME\DEBUG\MACDEMOAUDIOSOURCEENTITY.OBJ
C:\EPICFORCEBACKUP\EPICFORCEENGINE\EPICFORCEENGINE\GAME\DEBUG\MACDEMOCAMERAENTITY.OBJ
C:\EPICFORCEBACKUP\EPICFORCEENGINE\EPICFORCEENGINE\GAME\DEBUG\MACDEMOBGMENTITY.OBJ
C:\EPICFORCEBACKUP\EPICFORCEENGINE\EPICFORCEENGINE\GAME\DEBUG\EDITORENTITY.OBJ
C:\EPICFORCEBACKUP\EPICFORCEENGINE\EPICFORCEENGINE\GAME\DEBUG\MACDEMOLEVELENTITY.OBJ
C:\EPICFORCEBACKUP\EPICFORCEENGINE\EPICFORCEENGINE\GAME\DEBUG\MACDEMOPHYSICSCUBEENTITY.OBJ
C:\EPICFORCEBACKUP\EPICFORCEENGINE\EPICFORCEENGINE\GAME\DEBUG\MACDEMOPHYSICSDIFFUSEMAPCUBEENTITY.OBJ
C:\EPICFORCEBACKUP\EPICFORCEENGINE\EPICFORCEENGINE\GAME\DEBUG\MACDEMOPHYSICSDIFFUSEMAPSPECULARMAPCUBEENTITY.OBJ
C:\EPICFORCEBACKUP\EPICFORCEENGINE\EPICFORCEENGINE\GAME\DEBUG\MACDEMOPLANEENTITY.OBJ
C:\EPICFORCEBACKUP\EPICFORCEENGINE\EPICFORCEENGINE\GAME\DEBUG\MACDEMOPARTICLEEMITTERENTITY.OBJ
C:\EPICFORCEBACKUP\EPICFORCEENGINE\EPICFORCEENGINE\GAME\DEBUG\MACDEMOPHYSICS3SKELETALANIMMODELENTITY.OBJ
C:\EPICFORCEBACKUP\EPICFORCEENGINE\EPICFORCEENGINE\GAME\DEBUG\REFLECTENTITY.OBJ
C:\EPICFORCEBACKUP\EPICFORCEENGINE\EPICFORCEENGINE\GAME\DEBUG\VC110.PDB
C:\EpicForceBackup\EpicForceEngine\EpicForceEngine\Debug\Game.lib
C:\EpicForceBackup\EpicForceEngine\EpicForceEngine\Debug\Game.exp
C:\EPICFORCEBACKUP\EPICFORCEENGINE\EPICFORCEENGINE\DEBUG\GAME.ILK
C:\EPICFORCEBACKUP\EPICFORCEENGINE\EPICFORCEENGINE\DEBUG\GAME.DLL
C:\EPICFORCEBACKUP\EPICFORCEENGINE\EPICFORCEENGINE\DEBUG\GAME.PDB
C:\EpicForceBackup\EpicForceEngine\EpicForceEngine\Game\Debug\BuildMenuState.obj
C:\EpicForceBackup\EpicForceEngine\EpicForceEngine\Game\Debug\DebugMenuState.obj
C:\EpicForceBackup\EpicForceEngine\EpicForceEngine\Game\Debug\EditMenuState.obj
C:\EpicForceBackup\EpicForceEngine\EpicForceEngine\Game\Debug\EditorEntity.obj
C:\EpicForceBackup\EpicForceEngine\EpicForceEngine\Game\Debug\FileMenuState.obj
C:\EpicForceBackup\EpicForceEngine\EpicForceEngine\Game\Debug\GlobalState.obj
C:\EpicForceBackup\EpicForceEngine\EpicForceEngine\Game\Debug\HelpMenuState.obj
C:\EpicForceBackup\EpicForceEngine\EpicForceEngine\Game\Debug\MacDemoAudioListenerEntity.obj
C:\EpicForceBackup\EpicForceEngine\EpicForceEngine\Game\Debug\MacDemoAudioSourceEntity.obj
C:\EpicForceBackup\EpicForceEngine\EpicForceEngine\Game\Debug\MacDemoBGMEntity.obj
C:\EpicForceBackup\EpicForceEngine\EpicForceEngine\Game\Debug\MacDemoBillBoardEntity.obj
C:\EpicForceBackup\EpicForceEngine\EpicForceEngine\Game\Debug\MacDemoCameraEntity.obj
C:\EpicForceBackup\EpicForceEngine\EpicForceEngine\Game\Debug\MacDemoCubeEntity.obj
C:\EpicForceBackup\EpicForceEngine\EpicForceEngine\Game\Debug\MacDemoDiffuseMapCubeEntity.obj
C:\EpicForceBackup\EpicForceEngine\EpicForceEngine\Game\Debug\MacDemoDiffuseMapSpecularMapCubeEntity.obj
C:\EpicForceBackup\EpicForceEngine\EpicForceEngine\Game\Debug\MacDemoLevelEntity.obj
C:\EpicForceBackup\EpicForceEngine\EpicForceEngine\Game\Debug\MacDemoParticleEmitterEntity.obj
C:\EpicForceBackup\EpicForceEngine\EpicForceEngine\Game\Debug\MacDemoPhysics3SkeletalAnimModelEntity.obj
C:\EpicForceBackup\EpicForceEngine\EpicForceEngine\Game\Debug\MacDemoPhysicsCubeEntity.obj
C:\EpicForceBackup\EpicForceEngine\EpicForceEngine\Game\Debug\MacDemoPhysicsDiffuseMapCubeEntity.obj
C:\EpicForceBackup\EpicForceEngine\EpicForceEngine\Game\Debug\MacDemoPhysicsDiffuseMapSpecularMapCubeEntity.obj
C:\EpicForceBackup\EpicForceEngine\EpicForceEngine\Game\Debug\MacDemoPlaneEntity.obj
C:\EpicForceBackup\EpicForceEngine\EpicForceEngine\Game\Debug\MacDemoScene.obj
C:\EpicForceBackup\EpicForceEngine\EpicForceEngine\Game\Debug\MacDemoSkySphereEntity.obj
C:\EpicForceBackup\EpicForceEngine\EpicForceEngine\Game\Debug\MagnumGame.obj
C:\EpicForceBackup\EpicForceEngine\EpicForceEngine\Game\Debug\ModelViewEditorScene.obj
C:\EpicForceBackup\EpicForceEngine\EpicForceEngine\Game\Debug\OperationMenuState.obj
C:\EpicForceBackup\EpicForceEngine\EpicForceEngine\Game\Debug\PlayModeScene.obj
C:\EpicForceBackup\EpicForceEngine\EpicForceEngine\Game\Debug\ProjectModel.obj
C:\EpicForceBackup\EpicForceEngine\EpicForceEngine\Game\Debug\ProjectModelFSM.obj
C:\EpicForceBackup\EpicForceEngine\EpicForceEngine\Game\Debug\ReflectEntity.obj
C:\EpicForceBackup\EpicForceEngine\EpicForceEngine\Game\Debug\StartState.obj
C:\EpicForceBackup\EpicForceEngine\EpicForceEngine\Game\Debug\UpdateAssetsState.obj
C:\EpicForceBackup\EpicForceEngine\EpicForceEngine\Game\Debug\cl.command.1.tlog
C:\EpicForceBackup\EpicForceEngine\EpicForceEngine\Game\Debug\CL.read.1.tlog
C:\EpicForceBackup\EpicForceEngine\EpicForceEngine\Game\Debug\CL.write.1.tlog
C:\EpicForceBackup\EpicForceEngine\EpicForceEngine\Game\Debug\Game.write.1.tlog
C:\EpicForceBackup\EpicForceEngine\EpicForceEngine\Game\Debug\link-cvtres.read.1.tlog
C:\EpicForceBackup\EpicForceEngine\EpicForceEngine\Game\Debug\link-cvtres.write.1.tlog
C:\EpicForceBackup\EpicForceEngine\EpicForceEngine\Game\Debug\link-rc.read.1.tlog
C:\EpicForceBackup\EpicForceEngine\EpicForceEngine\Game\Debug\link-rc.write.1.tlog
C:\EpicForceBackup\EpicForceEngine\EpicForceEngine\Game\Debug\link.command.1.tlog
C:\EpicForceBackup\EpicForceEngine\EpicForceEngine\Game\Debug\link.read.1.tlog
C:\EpicForceBackup\EpicForceEngine\EpicForceEngine\Game\Debug\link.write.1.tlog
C:\EpicForceBackup\EpicForceEngine\EpicForceEngine\Game\Debug\vc110.idb
C:\EpicForceBackup\EpicForceEngine\EpicForceEngine\Game\Debug\vc110.pdb
