Build started 1/19/2015 4:08:10 PM.
     1>Project "C:\EpicForceBackup\EpicForceEngine\EpicForceEngine\EpicForcePCLauncher\EpicForcePCLauncher.vcxproj" on node 2 (Build target(s)).
     1>InitializeBuildStatus:
         Creating "Debug\EpicForcePCLauncher.unsuccessfulbuild" because "AlwaysCreate" was specified.
       ClCompile:
         All outputs are up-to-date.
         C:\Program Files (x86)\Microsoft Visual Studio 11.0\VC\bin\CL.exe /c /I../EpicForceEngineLib/EpicForceCore /I../EpicForceEngineLib/SDK/GLEW/Include/GL /I../EpicForceEngineLib/SDK/OpenGLES/GL2/Include /ZI /nologo /W3 /WX- /Od /Oy- /D WIN32 /D _DEBUG /D _WINDOWS /Gm /EHsc /RTC1 /MDd /GS /fp:precise /Zc:wchar_t /Zc:forScope /Fo"Debug\\" /Fd"Debug\vc110.pdb" /Gd /TP /analyze- /errorReport:prompt MagnumPCLauncher.cpp
         Skipping... (no relevant changes detected)
         MagnumPCLauncher.cpp
       ResourceCompile:
         C:\Program Files (x86)\Windows Kits\8.0\bin\x86\rc.exe /l"0x0409" /nologo /fo"Debug\EpicForcePCLauncher.res" EpicForcePCLauncher.rc 
       Link:
         C:\Program Files (x86)\Microsoft Visual Studio 11.0\VC\bin\link.exe /ERRORREPORT:PROMPT /OUT:"C:\EpicForceBackup\EpicForceEngine\EpicForceEngine\Debug\EpicForcePCLauncher.exe" /INCREMENTAL /NOLOGO /LIBPATH:C:\EpicForceBackup\EpicForceEngine\EpicForceEngine\Debug\ /LIBPATH:../EpicForceEngineLib/SDK/GLEW/Lib /LIBPATH:../EpicForceEngineLib/SDK/OpenGLES/GL2/Lib EpicForceEngineLib.lib kernel32.lib user32.lib gdi32.lib winspool.lib comdlg32.lib advapi32.lib shell32.lib ole32.lib oleaut32.lib uuid.lib odbc32.lib odbccp32.lib kernel32.lib user32.lib gdi32.lib winspool.lib comdlg32.lib advapi32.lib shell32.lib ole32.lib oleaut32.lib uuid.lib odbc32.lib odbccp32.lib /MANIFEST /MANIFESTUAC:"level='asInvoker' uiAccess='false'" /manifest:embed /DEBUG /PDB:"C:\EpicForceBackup\EpicForceEngine\EpicForceEngine\Debug\EpicForcePCLauncher.pdb" /SUBSYSTEM:WINDOWS /TLBID:1 /DYNAMICBASE /NXCOMPAT /IMPLIB:"C:\EpicForceBackup\EpicForceEngine\EpicForceEngine\Debug\EpicForcePCLauncher.lib" /MACHINE:X86 Debug\EpicForcePCLauncher.res
         Debug\AnyOption.obj
         Debug\EGLDriver20.obj
         Debug\MagnumPCLauncher.obj
         Debug\InputData.obj
         Debug\stdafx.obj
         EpicForcePCLauncher.vcxproj -> C:\EpicForceBackup\EpicForceEngine\EpicForceEngine\Debug\EpicForcePCLauncher.exe
       FinalizeBuildStatus:
         Deleting file "Debug\EpicForcePCLauncher.unsuccessfulbuild".
         Touching "Debug\EpicForcePCLauncher.lastbuildstate".
     1>Done Building Project "C:\EpicForceBackup\EpicForceEngine\EpicForceEngine\EpicForcePCLauncher\EpicForcePCLauncher.vcxproj" (Build target(s)).

Build succeeded.

Time Elapsed 00:00:00.38
