C:\EPICFORCEBACKUP\EPICFORCEENGINE\EPICFORCEENGINE\MAGNUMENGINELIB\DEBUG\BTRIGIDBODY.OBJ
C:\EPICFORCEBACKUP\EPICFORCEENGINE\EPICFORCEENGINE\MAGNUMENGINELIB\DEBUG\BTSIMPLEDYNAMICSWORLD.OBJ
C:\EPICFORCEBACKUP\EPICFORCEENGINE\EPICFORCEENGINE\MAGNUMENGINELIB\DEBUG\BTRAYCASTVEHICLE.OBJ
C:\EPICFORCEBACKUP\EPICFORCEENGINE\EPICFORCEENGINE\MAGNUMENGINELIB\DEBUG\BTWHEELINFO.OBJ
C:\EPICFORCEBACKUP\EPICFORCEENGINE\EPICFORCEENGINE\MAGNUMENGINELIB\DEBUG\BTDEFAULTSOFTBODYSOLVER.OBJ
C:\EPICFORCEBACKUP\EPICFORCEENGINE\EPICFORCEENGINE\MAGNUMENGINELIB\DEBUG\BTSOFTBODY.OBJ
C:\EPICFORCEBACKUP\EPICFORCEENGINE\EPICFORCEENGINE\MAGNUMENGINELIB\DEBUG\BTSOFTBODYCONCAVECOLLISIONALGORITHM.OBJ
C:\EPICFORCEBACKUP\EPICFORCEENGINE\EPICFORCEENGINE\MAGNUMENGINELIB\DEBUG\BTSOFTBODYHELPERS.OBJ
C:\EPICFORCEBACKUP\EPICFORCEENGINE\EPICFORCEENGINE\MAGNUMENGINELIB\DEBUG\BTSOFTBODYRIGIDBODYCOLLISIONCONFIGURATION.OBJ
C:\EPICFORCEBACKUP\EPICFORCEENGINE\EPICFORCEENGINE\MAGNUMENGINELIB\DEBUG\BTSOFTRIGIDCOLLISIONALGORITHM.OBJ
C:\EPICFORCEBACKUP\EPICFORCEENGINE\EPICFORCEENGINE\MAGNUMENGINELIB\DEBUG\BTSOFTRIGIDDYNAMICSWORLD.OBJ
C:\EPICFORCEBACKUP\EPICFORCEENGINE\EPICFORCEENGINE\MAGNUMENGINELIB\DEBUG\BTSOFTSOFTCOLLISIONALGORITHM.OBJ
C:\EPICFORCEBACKUP\EPICFORCEENGINE\EPICFORCEENGINE\MAGNUMENGINELIB\DEBUG\BTALIGNEDALLOCATOR.OBJ
C:\EPICFORCEBACKUP\EPICFORCEENGINE\EPICFORCEENGINE\MAGNUMENGINELIB\DEBUG\BTCONVEXHULL.OBJ
C:\EPICFORCEBACKUP\EPICFORCEENGINE\EPICFORCEENGINE\MAGNUMENGINELIB\DEBUG\BTCONVEXHULLCOMPUTER.OBJ
C:\EPICFORCEBACKUP\EPICFORCEENGINE\EPICFORCEENGINE\MAGNUMENGINELIB\DEBUG\BTGEOMETRYUTIL.OBJ
C:\EPICFORCEBACKUP\EPICFORCEENGINE\EPICFORCEENGINE\MAGNUMENGINELIB\DEBUG\BTPOLARDECOMPOSITION.OBJ
C:\EPICFORCEBACKUP\EPICFORCEENGINE\EPICFORCEENGINE\MAGNUMENGINELIB\DEBUG\BTQUICKPROF.OBJ
C:\EPICFORCEBACKUP\EPICFORCEENGINE\EPICFORCEENGINE\MAGNUMENGINELIB\DEBUG\BTSERIALIZER.OBJ
C:\EPICFORCEBACKUP\EPICFORCEENGINE\EPICFORCEENGINE\MAGNUMENGINELIB\DEBUG\BTVECTOR3.OBJ
C:\EPICFORCEBACKUP\EPICFORCEENGINE\EPICFORCEENGINE\MAGNUMENGINELIB\DEBUG\BTPOLYHEDRALCONTACTCLIPPING.OBJ
C:\EPICFORCEBACKUP\EPICFORCEENGINE\EPICFORCEENGINE\MAGNUMENGINELIB\DEBUG\BTRAYCASTCALLBACK.OBJ
C:\EPICFORCEBACKUP\EPICFORCEENGINE\EPICFORCEENGINE\MAGNUMENGINELIB\DEBUG\BTSUBSIMPLEXCONVEXCAST.OBJ
C:\EPICFORCEBACKUP\EPICFORCEENGINE\EPICFORCEENGINE\MAGNUMENGINELIB\DEBUG\BTVORONOISIMPLEXSOLVER.OBJ
C:\EPICFORCEBACKUP\EPICFORCEENGINE\EPICFORCEENGINE\MAGNUMENGINELIB\DEBUG\BTKINEMATICCHARACTERCONTROLLER.OBJ
C:\EPICFORCEBACKUP\EPICFORCEENGINE\EPICFORCEENGINE\MAGNUMENGINELIB\DEBUG\BTCONETWISTCONSTRAINT.OBJ
C:\EPICFORCEBACKUP\EPICFORCEENGINE\EPICFORCEENGINE\MAGNUMENGINELIB\DEBUG\BTCONTACTCONSTRAINT.OBJ
C:\EPICFORCEBACKUP\EPICFORCEENGINE\EPICFORCEENGINE\MAGNUMENGINELIB\DEBUG\BTGEARCONSTRAINT.OBJ
C:\EPICFORCEBACKUP\EPICFORCEENGINE\EPICFORCEENGINE\MAGNUMENGINELIB\DEBUG\BTGENERIC6DOFCONSTRAINT.OBJ
C:\EPICFORCEBACKUP\EPICFORCEENGINE\EPICFORCEENGINE\MAGNUMENGINELIB\DEBUG\BTGENERIC6DOFSPRINGCONSTRAINT.OBJ
C:\EPICFORCEBACKUP\EPICFORCEENGINE\EPICFORCEENGINE\MAGNUMENGINELIB\DEBUG\BTHINGE2CONSTRAINT.OBJ
C:\EPICFORCEBACKUP\EPICFORCEENGINE\EPICFORCEENGINE\MAGNUMENGINELIB\DEBUG\BTHINGECONSTRAINT.OBJ
C:\EPICFORCEBACKUP\EPICFORCEENGINE\EPICFORCEENGINE\MAGNUMENGINELIB\DEBUG\BTPOINT2POINTCONSTRAINT.OBJ
C:\EPICFORCEBACKUP\EPICFORCEENGINE\EPICFORCEENGINE\MAGNUMENGINELIB\DEBUG\BTSEQUENTIALIMPULSECONSTRAINTSOLVER.OBJ
C:\EPICFORCEBACKUP\EPICFORCEENGINE\EPICFORCEENGINE\MAGNUMENGINELIB\DEBUG\BTSLIDERCONSTRAINT.OBJ
C:\EPICFORCEBACKUP\EPICFORCEENGINE\EPICFORCEENGINE\MAGNUMENGINELIB\DEBUG\BTSOLVE2LINEARCONSTRAINT.OBJ
C:\EPICFORCEBACKUP\EPICFORCEENGINE\EPICFORCEENGINE\MAGNUMENGINELIB\DEBUG\BTTYPEDCONSTRAINT.OBJ
C:\EPICFORCEBACKUP\EPICFORCEENGINE\EPICFORCEENGINE\MAGNUMENGINELIB\DEBUG\BTUNIVERSALCONSTRAINT.OBJ
C:\EPICFORCEBACKUP\EPICFORCEENGINE\EPICFORCEENGINE\MAGNUMENGINELIB\DEBUG\BULLET-C-API.OBJ
C:\EPICFORCEBACKUP\EPICFORCEENGINE\EPICFORCEENGINE\MAGNUMENGINELIB\DEBUG\BTDISCRETEDYNAMICSWORLD.OBJ
C:\EPICFORCEBACKUP\EPICFORCEENGINE\EPICFORCEENGINE\MAGNUMENGINELIB\DEBUG\BTUNIFORMSCALINGSHAPE.OBJ
C:\EPICFORCEBACKUP\EPICFORCEENGINE\EPICFORCEENGINE\MAGNUMENGINELIB\DEBUG\BTCONTACTPROCESSING.OBJ
C:\EPICFORCEBACKUP\EPICFORCEENGINE\EPICFORCEENGINE\MAGNUMENGINELIB\DEBUG\BTGIMPACTBVH.OBJ
C:\EPICFORCEBACKUP\EPICFORCEENGINE\EPICFORCEENGINE\MAGNUMENGINELIB\DEBUG\BTGIMPACTCOLLISIONALGORITHM.OBJ
C:\EPICFORCEBACKUP\EPICFORCEENGINE\EPICFORCEENGINE\MAGNUMENGINELIB\DEBUG\BTGIMPACTQUANTIZEDBVH.OBJ
C:\EPICFORCEBACKUP\EPICFORCEENGINE\EPICFORCEENGINE\MAGNUMENGINELIB\DEBUG\BTGIMPACTSHAPE.OBJ
C:\EPICFORCEBACKUP\EPICFORCEENGINE\EPICFORCEENGINE\MAGNUMENGINELIB\DEBUG\BTGENERICPOOLALLOCATOR.OBJ
C:\EPICFORCEBACKUP\EPICFORCEENGINE\EPICFORCEENGINE\MAGNUMENGINELIB\DEBUG\BTTRIANGLESHAPEEX.OBJ
C:\EPICFORCEBACKUP\EPICFORCEENGINE\EPICFORCEENGINE\MAGNUMENGINELIB\DEBUG\GIM_BOX_SET.OBJ
C:\EPICFORCEBACKUP\EPICFORCEENGINE\EPICFORCEENGINE\MAGNUMENGINELIB\DEBUG\GIM_CONTACT.OBJ
C:\EPICFORCEBACKUP\EPICFORCEENGINE\EPICFORCEENGINE\MAGNUMENGINELIB\DEBUG\GIM_MEMORY.OBJ
C:\EPICFORCEBACKUP\EPICFORCEENGINE\EPICFORCEENGINE\MAGNUMENGINELIB\DEBUG\GIM_TRI_COLLISION.OBJ
C:\EPICFORCEBACKUP\EPICFORCEENGINE\EPICFORCEENGINE\MAGNUMENGINELIB\DEBUG\BTCONTINUOUSCONVEXCOLLISION.OBJ
C:\EPICFORCEBACKUP\EPICFORCEENGINE\EPICFORCEENGINE\MAGNUMENGINELIB\DEBUG\BTCONVEXCAST.OBJ
C:\EPICFORCEBACKUP\EPICFORCEENGINE\EPICFORCEENGINE\MAGNUMENGINELIB\DEBUG\BTGJKCONVEXCAST.OBJ
C:\EPICFORCEBACKUP\EPICFORCEENGINE\EPICFORCEENGINE\MAGNUMENGINELIB\DEBUG\BTGJKEPA2.OBJ
C:\EPICFORCEBACKUP\EPICFORCEENGINE\EPICFORCEENGINE\MAGNUMENGINELIB\DEBUG\BTGJKEPAPENETRATIONDEPTHSOLVER.OBJ
C:\EPICFORCEBACKUP\EPICFORCEENGINE\EPICFORCEENGINE\MAGNUMENGINELIB\DEBUG\BTGJKPAIRDETECTOR.OBJ
C:\EPICFORCEBACKUP\EPICFORCEENGINE\EPICFORCEENGINE\MAGNUMENGINELIB\DEBUG\BTMINKOWSKIPENETRATIONDEPTHSOLVER.OBJ
C:\EPICFORCEBACKUP\EPICFORCEENGINE\EPICFORCEENGINE\MAGNUMENGINELIB\DEBUG\BTPERSISTENTMANIFOLD.OBJ
C:\EPICFORCEBACKUP\EPICFORCEENGINE\EPICFORCEENGINE\MAGNUMENGINELIB\DEBUG\BTCYLINDERSHAPE.OBJ
C:\EPICFORCEBACKUP\EPICFORCEENGINE\EPICFORCEENGINE\MAGNUMENGINELIB\DEBUG\BTEMPTYSHAPE.OBJ
C:\EPICFORCEBACKUP\EPICFORCEENGINE\EPICFORCEENGINE\MAGNUMENGINELIB\DEBUG\BTHEIGHTFIELDTERRAINSHAPE.OBJ
C:\EPICFORCEBACKUP\EPICFORCEENGINE\EPICFORCEENGINE\MAGNUMENGINELIB\DEBUG\BTMINKOWSKISUMSHAPE.OBJ
C:\EPICFORCEBACKUP\EPICFORCEENGINE\EPICFORCEENGINE\MAGNUMENGINELIB\DEBUG\BTMULTISPHERESHAPE.OBJ
C:\EPICFORCEBACKUP\EPICFORCEENGINE\EPICFORCEENGINE\MAGNUMENGINELIB\DEBUG\BTMULTIMATERIALTRIANGLEMESHSHAPE.OBJ
C:\EPICFORCEBACKUP\EPICFORCEENGINE\EPICFORCEENGINE\MAGNUMENGINELIB\DEBUG\BTOPTIMIZEDBVH.OBJ
C:\EPICFORCEBACKUP\EPICFORCEENGINE\EPICFORCEENGINE\MAGNUMENGINELIB\DEBUG\BTPOLYHEDRALCONVEXSHAPE.OBJ
C:\EPICFORCEBACKUP\EPICFORCEENGINE\EPICFORCEENGINE\MAGNUMENGINELIB\DEBUG\BTSCALEDBVHTRIANGLEMESHSHAPE.OBJ
C:\EPICFORCEBACKUP\EPICFORCEENGINE\EPICFORCEENGINE\MAGNUMENGINELIB\DEBUG\BTSHAPEHULL.OBJ
C:\EPICFORCEBACKUP\EPICFORCEENGINE\EPICFORCEENGINE\MAGNUMENGINELIB\DEBUG\BTSPHERESHAPE.OBJ
C:\EPICFORCEBACKUP\EPICFORCEENGINE\EPICFORCEENGINE\MAGNUMENGINELIB\DEBUG\BTSTATICPLANESHAPE.OBJ
C:\EPICFORCEBACKUP\EPICFORCEENGINE\EPICFORCEENGINE\MAGNUMENGINELIB\DEBUG\BTSTRIDINGMESHINTERFACE.OBJ
C:\EPICFORCEBACKUP\EPICFORCEENGINE\EPICFORCEENGINE\MAGNUMENGINELIB\DEBUG\BTTETRAHEDRONSHAPE.OBJ
C:\EPICFORCEBACKUP\EPICFORCEENGINE\EPICFORCEENGINE\MAGNUMENGINELIB\DEBUG\BTTRIANGLEBUFFER.OBJ
C:\EPICFORCEBACKUP\EPICFORCEENGINE\EPICFORCEENGINE\MAGNUMENGINELIB\DEBUG\BTTRIANGLECALLBACK.OBJ
C:\EPICFORCEBACKUP\EPICFORCEENGINE\EPICFORCEENGINE\MAGNUMENGINELIB\DEBUG\BTTRIANGLEINDEXVERTEXARRAY.OBJ
C:\EPICFORCEBACKUP\EPICFORCEENGINE\EPICFORCEENGINE\MAGNUMENGINELIB\DEBUG\BTTRIANGLEINDEXVERTEXMATERIALARRAY.OBJ
C:\EPICFORCEBACKUP\EPICFORCEENGINE\EPICFORCEENGINE\MAGNUMENGINELIB\DEBUG\BTTRIANGLEMESH.OBJ
C:\EPICFORCEBACKUP\EPICFORCEENGINE\EPICFORCEENGINE\MAGNUMENGINELIB\DEBUG\BTTRIANGLEMESHSHAPE.OBJ
C:\EPICFORCEBACKUP\EPICFORCEENGINE\EPICFORCEENGINE\MAGNUMENGINELIB\DEBUG\BTSIMULATIONISLANDMANAGER.OBJ
C:\EPICFORCEBACKUP\EPICFORCEENGINE\EPICFORCEENGINE\MAGNUMENGINELIB\DEBUG\BTSPHEREBOXCOLLISIONALGORITHM.OBJ
C:\EPICFORCEBACKUP\EPICFORCEENGINE\EPICFORCEENGINE\MAGNUMENGINELIB\DEBUG\BTSPHERESPHERECOLLISIONALGORITHM.OBJ
C:\EPICFORCEBACKUP\EPICFORCEENGINE\EPICFORCEENGINE\MAGNUMENGINELIB\DEBUG\BTSPHERETRIANGLECOLLISIONALGORITHM.OBJ
C:\EPICFORCEBACKUP\EPICFORCEENGINE\EPICFORCEENGINE\MAGNUMENGINELIB\DEBUG\BTUNIONFIND.OBJ
C:\EPICFORCEBACKUP\EPICFORCEENGINE\EPICFORCEENGINE\MAGNUMENGINELIB\DEBUG\BTBOX2DSHAPE.OBJ
C:\EPICFORCEBACKUP\EPICFORCEENGINE\EPICFORCEENGINE\MAGNUMENGINELIB\DEBUG\BTBOXSHAPE.OBJ
C:\EPICFORCEBACKUP\EPICFORCEENGINE\EPICFORCEENGINE\MAGNUMENGINELIB\DEBUG\BTBVHTRIANGLEMESHSHAPE.OBJ
C:\EPICFORCEBACKUP\EPICFORCEENGINE\EPICFORCEENGINE\MAGNUMENGINELIB\DEBUG\BTCAPSULESHAPE.OBJ
C:\EPICFORCEBACKUP\EPICFORCEENGINE\EPICFORCEENGINE\MAGNUMENGINELIB\DEBUG\BTCOLLISIONSHAPE.OBJ
C:\EPICFORCEBACKUP\EPICFORCEENGINE\EPICFORCEENGINE\MAGNUMENGINELIB\DEBUG\BTCOMPOUNDSHAPE.OBJ
C:\EPICFORCEBACKUP\EPICFORCEENGINE\EPICFORCEENGINE\MAGNUMENGINELIB\DEBUG\BTCONCAVESHAPE.OBJ
C:\EPICFORCEBACKUP\EPICFORCEENGINE\EPICFORCEENGINE\MAGNUMENGINELIB\DEBUG\BTCONESHAPE.OBJ
C:\EPICFORCEBACKUP\EPICFORCEENGINE\EPICFORCEENGINE\MAGNUMENGINELIB\DEBUG\BTCONVEX2DSHAPE.OBJ
C:\EPICFORCEBACKUP\EPICFORCEENGINE\EPICFORCEENGINE\MAGNUMENGINELIB\DEBUG\BTCONVEXHULLSHAPE.OBJ
C:\EPICFORCEBACKUP\EPICFORCEENGINE\EPICFORCEENGINE\MAGNUMENGINELIB\DEBUG\BTCONVEXINTERNALSHAPE.OBJ
C:\EPICFORCEBACKUP\EPICFORCEENGINE\EPICFORCEENGINE\MAGNUMENGINELIB\DEBUG\BTCONVEXPOINTCLOUDSHAPE.OBJ
C:\EPICFORCEBACKUP\EPICFORCEENGINE\EPICFORCEENGINE\MAGNUMENGINELIB\DEBUG\BTCONVEXPOLYHEDRON.OBJ
C:\EPICFORCEBACKUP\EPICFORCEENGINE\EPICFORCEENGINE\MAGNUMENGINELIB\DEBUG\BTCONVEXSHAPE.OBJ
C:\EPICFORCEBACKUP\EPICFORCEENGINE\EPICFORCEENGINE\MAGNUMENGINELIB\DEBUG\BTCONVEXTRIANGLEMESHSHAPE.OBJ
C:\EPICFORCEBACKUP\EPICFORCEENGINE\EPICFORCEENGINE\MAGNUMENGINELIB\DEBUG\BTQUANTIZEDBVH.OBJ
C:\EPICFORCEBACKUP\EPICFORCEENGINE\EPICFORCEENGINE\MAGNUMENGINELIB\DEBUG\BTSIMPLEBROADPHASE.OBJ
C:\EPICFORCEBACKUP\EPICFORCEENGINE\EPICFORCEENGINE\MAGNUMENGINELIB\DEBUG\SPHERETRIANGLEDETECTOR.OBJ
C:\EPICFORCEBACKUP\EPICFORCEENGINE\EPICFORCEENGINE\MAGNUMENGINELIB\DEBUG\BTACTIVATINGCOLLISIONALGORITHM.OBJ
C:\EPICFORCEBACKUP\EPICFORCEENGINE\EPICFORCEENGINE\MAGNUMENGINELIB\DEBUG\BTBOX2DBOX2DCOLLISIONALGORITHM.OBJ
C:\EPICFORCEBACKUP\EPICFORCEENGINE\EPICFORCEENGINE\MAGNUMENGINELIB\DEBUG\BTBOXBOXCOLLISIONALGORITHM.OBJ
C:\EPICFORCEBACKUP\EPICFORCEENGINE\EPICFORCEENGINE\MAGNUMENGINELIB\DEBUG\BTBOXBOXDETECTOR.OBJ
C:\EPICFORCEBACKUP\EPICFORCEENGINE\EPICFORCEENGINE\MAGNUMENGINELIB\DEBUG\BTCOLLISIONDISPATCHER.OBJ
C:\EPICFORCEBACKUP\EPICFORCEENGINE\EPICFORCEENGINE\MAGNUMENGINELIB\DEBUG\BTCOLLISIONOBJECT.OBJ
C:\EPICFORCEBACKUP\EPICFORCEENGINE\EPICFORCEENGINE\MAGNUMENGINELIB\DEBUG\BTCOLLISIONWORLD.OBJ
C:\EPICFORCEBACKUP\EPICFORCEENGINE\EPICFORCEENGINE\MAGNUMENGINELIB\DEBUG\BTCOMPOUNDCOLLISIONALGORITHM.OBJ
C:\EPICFORCEBACKUP\EPICFORCEENGINE\EPICFORCEENGINE\MAGNUMENGINELIB\DEBUG\BTCONVEX2DCONVEX2DALGORITHM.OBJ
C:\EPICFORCEBACKUP\EPICFORCEENGINE\EPICFORCEENGINE\MAGNUMENGINELIB\DEBUG\BTCONVEXCONCAVECOLLISIONALGORITHM.OBJ
C:\EPICFORCEBACKUP\EPICFORCEENGINE\EPICFORCEENGINE\MAGNUMENGINELIB\DEBUG\BTCONVEXCONVEXALGORITHM.OBJ
C:\EPICFORCEBACKUP\EPICFORCEENGINE\EPICFORCEENGINE\MAGNUMENGINELIB\DEBUG\BTCONVEXPLANECOLLISIONALGORITHM.OBJ
C:\EPICFORCEBACKUP\EPICFORCEENGINE\EPICFORCEENGINE\MAGNUMENGINELIB\DEBUG\BTDEFAULTCOLLISIONCONFIGURATION.OBJ
C:\EPICFORCEBACKUP\EPICFORCEENGINE\EPICFORCEENGINE\MAGNUMENGINELIB\DEBUG\BTEMPTYCOLLISIONALGORITHM.OBJ
C:\EPICFORCEBACKUP\EPICFORCEENGINE\EPICFORCEENGINE\MAGNUMENGINELIB\DEBUG\BTGHOSTOBJECT.OBJ
C:\EPICFORCEBACKUP\EPICFORCEENGINE\EPICFORCEENGINE\MAGNUMENGINELIB\DEBUG\BTINTERNALEDGEUTILITY.OBJ
C:\EPICFORCEBACKUP\EPICFORCEENGINE\EPICFORCEENGINE\MAGNUMENGINELIB\DEBUG\BTMANIFOLDRESULT.OBJ
C:\EPICFORCEBACKUP\EPICFORCEENGINE\EPICFORCEENGINE\MAGNUMENGINELIB\DEBUG\B2PULLEYJOINT.OBJ
C:\EPICFORCEBACKUP\EPICFORCEENGINE\EPICFORCEENGINE\MAGNUMENGINELIB\DEBUG\B2REVOLUTEJOINT.OBJ
C:\EPICFORCEBACKUP\EPICFORCEENGINE\EPICFORCEENGINE\MAGNUMENGINELIB\DEBUG\B2ROPEJOINT.OBJ
C:\EPICFORCEBACKUP\EPICFORCEENGINE\EPICFORCEENGINE\MAGNUMENGINELIB\DEBUG\B2WELDJOINT.OBJ
C:\EPICFORCEBACKUP\EPICFORCEENGINE\EPICFORCEENGINE\MAGNUMENGINELIB\DEBUG\B2WHEELJOINT.OBJ
C:\EPICFORCEBACKUP\EPICFORCEENGINE\EPICFORCEENGINE\MAGNUMENGINELIB\DEBUG\B2BODY.OBJ
C:\EPICFORCEBACKUP\EPICFORCEENGINE\EPICFORCEENGINE\MAGNUMENGINELIB\DEBUG\B2CONTACTMANAGER.OBJ
C:\EPICFORCEBACKUP\EPICFORCEENGINE\EPICFORCEENGINE\MAGNUMENGINELIB\DEBUG\B2FIXTURE.OBJ
C:\EPICFORCEBACKUP\EPICFORCEENGINE\EPICFORCEENGINE\MAGNUMENGINELIB\DEBUG\B2ISLAND.OBJ
C:\EPICFORCEBACKUP\EPICFORCEENGINE\EPICFORCEENGINE\MAGNUMENGINELIB\DEBUG\B2WORLD.OBJ
C:\EPICFORCEBACKUP\EPICFORCEENGINE\EPICFORCEENGINE\MAGNUMENGINELIB\DEBUG\B2WORLDCALLBACKS.OBJ
C:\EPICFORCEBACKUP\EPICFORCEENGINE\EPICFORCEENGINE\MAGNUMENGINELIB\DEBUG\B2ROPE.OBJ
C:\EPICFORCEBACKUP\EPICFORCEENGINE\EPICFORCEENGINE\MAGNUMENGINELIB\DEBUG\BTAXISSWEEP3.OBJ
C:\EPICFORCEBACKUP\EPICFORCEENGINE\EPICFORCEENGINE\MAGNUMENGINELIB\DEBUG\BTBROADPHASEPROXY.OBJ
C:\EPICFORCEBACKUP\EPICFORCEENGINE\EPICFORCEENGINE\MAGNUMENGINELIB\DEBUG\BTCOLLISIONALGORITHM.OBJ
C:\EPICFORCEBACKUP\EPICFORCEENGINE\EPICFORCEENGINE\MAGNUMENGINELIB\DEBUG\BTDBVT.OBJ
C:\EPICFORCEBACKUP\EPICFORCEENGINE\EPICFORCEENGINE\MAGNUMENGINELIB\DEBUG\BTDBVTBROADPHASE.OBJ
C:\EPICFORCEBACKUP\EPICFORCEENGINE\EPICFORCEENGINE\MAGNUMENGINELIB\DEBUG\BTDISPATCHER.OBJ
C:\EPICFORCEBACKUP\EPICFORCEENGINE\EPICFORCEENGINE\MAGNUMENGINELIB\DEBUG\BTMULTISAPBROADPHASE.OBJ
C:\EPICFORCEBACKUP\EPICFORCEENGINE\EPICFORCEENGINE\MAGNUMENGINELIB\DEBUG\BTOVERLAPPINGPAIRCACHE.OBJ
C:\EPICFORCEBACKUP\EPICFORCEENGINE\EPICFORCEENGINE\MAGNUMENGINELIB\DEBUG\B2DRAW.OBJ
C:\EPICFORCEBACKUP\EPICFORCEENGINE\EPICFORCEENGINE\MAGNUMENGINELIB\DEBUG\B2MATH.OBJ
C:\EPICFORCEBACKUP\EPICFORCEENGINE\EPICFORCEENGINE\MAGNUMENGINELIB\DEBUG\B2SETTINGS.OBJ
C:\EPICFORCEBACKUP\EPICFORCEENGINE\EPICFORCEENGINE\MAGNUMENGINELIB\DEBUG\B2STACKALLOCATOR.OBJ
C:\EPICFORCEBACKUP\EPICFORCEENGINE\EPICFORCEENGINE\MAGNUMENGINELIB\DEBUG\B2TIMER.OBJ
C:\EPICFORCEBACKUP\EPICFORCEENGINE\EPICFORCEENGINE\MAGNUMENGINELIB\DEBUG\B2CHAINANDCIRCLECONTACT.OBJ
C:\EPICFORCEBACKUP\EPICFORCEENGINE\EPICFORCEENGINE\MAGNUMENGINELIB\DEBUG\B2CHAINANDPOLYGONCONTACT.OBJ
C:\EPICFORCEBACKUP\EPICFORCEENGINE\EPICFORCEENGINE\MAGNUMENGINELIB\DEBUG\B2CIRCLECONTACT.OBJ
C:\EPICFORCEBACKUP\EPICFORCEENGINE\EPICFORCEENGINE\MAGNUMENGINELIB\DEBUG\B2CONTACT.OBJ
C:\EPICFORCEBACKUP\EPICFORCEENGINE\EPICFORCEENGINE\MAGNUMENGINELIB\DEBUG\B2CONTACTSOLVER.OBJ
C:\EPICFORCEBACKUP\EPICFORCEENGINE\EPICFORCEENGINE\MAGNUMENGINELIB\DEBUG\B2EDGEANDCIRCLECONTACT.OBJ
C:\EPICFORCEBACKUP\EPICFORCEENGINE\EPICFORCEENGINE\MAGNUMENGINELIB\DEBUG\B2EDGEANDPOLYGONCONTACT.OBJ
C:\EPICFORCEBACKUP\EPICFORCEENGINE\EPICFORCEENGINE\MAGNUMENGINELIB\DEBUG\B2POLYGONANDCIRCLECONTACT.OBJ
C:\EPICFORCEBACKUP\EPICFORCEENGINE\EPICFORCEENGINE\MAGNUMENGINELIB\DEBUG\B2POLYGONCONTACT.OBJ
C:\EPICFORCEBACKUP\EPICFORCEENGINE\EPICFORCEENGINE\MAGNUMENGINELIB\DEBUG\B2DISTANCEJOINT.OBJ
C:\EPICFORCEBACKUP\EPICFORCEENGINE\EPICFORCEENGINE\MAGNUMENGINELIB\DEBUG\B2FRICTIONJOINT.OBJ
C:\EPICFORCEBACKUP\EPICFORCEENGINE\EPICFORCEENGINE\MAGNUMENGINELIB\DEBUG\B2GEARJOINT.OBJ
C:\EPICFORCEBACKUP\EPICFORCEENGINE\EPICFORCEENGINE\MAGNUMENGINELIB\DEBUG\B2JOINT.OBJ
C:\EPICFORCEBACKUP\EPICFORCEENGINE\EPICFORCEENGINE\MAGNUMENGINELIB\DEBUG\B2MOUSEJOINT.OBJ
C:\EPICFORCEBACKUP\EPICFORCEENGINE\EPICFORCEENGINE\MAGNUMENGINELIB\DEBUG\B2PRISMATICJOINT.OBJ
C:\EPICFORCEBACKUP\EPICFORCEENGINE\EPICFORCEENGINE\MAGNUMENGINELIB\DEBUG\VISUALEFFECT.OBJ
C:\EPICFORCEBACKUP\EPICFORCEENGINE\EPICFORCEENGINE\MAGNUMENGINELIB\DEBUG\ZIPFILE.OBJ
C:\EPICFORCEBACKUP\EPICFORCEENGINE\EPICFORCEENGINE\MAGNUMENGINELIB\DEBUG\REFLECTION.OBJ
C:\EPICFORCEBACKUP\EPICFORCEENGINE\EPICFORCEENGINE\MAGNUMENGINELIB\DEBUG\TINYSTR.OBJ
C:\EPICFORCEBACKUP\EPICFORCEENGINE\EPICFORCEENGINE\MAGNUMENGINELIB\DEBUG\TINYXML.OBJ
C:\EPICFORCEBACKUP\EPICFORCEENGINE\EPICFORCEENGINE\MAGNUMENGINELIB\DEBUG\TINYXMLERROR.OBJ
C:\EPICFORCEBACKUP\EPICFORCEENGINE\EPICFORCEENGINE\MAGNUMENGINELIB\DEBUG\TINYXMLPARSER.OBJ
C:\EPICFORCEBACKUP\EPICFORCEENGINE\EPICFORCEENGINE\MAGNUMENGINELIB\DEBUG\B2CHAINSHAPE.OBJ
C:\EPICFORCEBACKUP\EPICFORCEENGINE\EPICFORCEENGINE\MAGNUMENGINELIB\DEBUG\B2CIRCLESHAPE.OBJ
C:\EPICFORCEBACKUP\EPICFORCEENGINE\EPICFORCEENGINE\MAGNUMENGINELIB\DEBUG\B2EDGESHAPE.OBJ
C:\EPICFORCEBACKUP\EPICFORCEENGINE\EPICFORCEENGINE\MAGNUMENGINELIB\DEBUG\B2POLYGONSHAPE.OBJ
C:\EPICFORCEBACKUP\EPICFORCEENGINE\EPICFORCEENGINE\MAGNUMENGINELIB\DEBUG\B2BROADPHASE.OBJ
C:\EPICFORCEBACKUP\EPICFORCEENGINE\EPICFORCEENGINE\MAGNUMENGINELIB\DEBUG\B2COLLIDECIRCLE.OBJ
C:\EPICFORCEBACKUP\EPICFORCEENGINE\EPICFORCEENGINE\MAGNUMENGINELIB\DEBUG\B2COLLIDEEDGE.OBJ
C:\EPICFORCEBACKUP\EPICFORCEENGINE\EPICFORCEENGINE\MAGNUMENGINELIB\DEBUG\B2COLLIDEPOLYGON.OBJ
C:\EPICFORCEBACKUP\EPICFORCEENGINE\EPICFORCEENGINE\MAGNUMENGINELIB\DEBUG\B2COLLISION.OBJ
C:\EPICFORCEBACKUP\EPICFORCEENGINE\EPICFORCEENGINE\MAGNUMENGINELIB\DEBUG\B2DISTANCE.OBJ
C:\EPICFORCEBACKUP\EPICFORCEENGINE\EPICFORCEENGINE\MAGNUMENGINELIB\DEBUG\B2DYNAMICTREE.OBJ
C:\EPICFORCEBACKUP\EPICFORCEENGINE\EPICFORCEENGINE\MAGNUMENGINELIB\DEBUG\B2TIMEOFIMPACT.OBJ
C:\EPICFORCEBACKUP\EPICFORCEENGINE\EPICFORCEENGINE\MAGNUMENGINELIB\DEBUG\B2BLOCKALLOCATOR.OBJ
C:\EPICFORCEBACKUP\EPICFORCEENGINE\EPICFORCEENGINE\MAGNUMENGINELIB\DEBUG\STATEMACHINE.OBJ
C:\EPICFORCEBACKUP\EPICFORCEENGINE\EPICFORCEENGINE\MAGNUMENGINELIB\DEBUG\TCBSPLINE2.OBJ
C:\EPICFORCEBACKUP\EPICFORCEENGINE\EPICFORCEENGINE\MAGNUMENGINELIB\DEBUG\TCBSPLINE3.OBJ
C:\EPICFORCEBACKUP\EPICFORCEENGINE\EPICFORCEENGINE\MAGNUMENGINELIB\DEBUG\TETRAHEDRON3.OBJ
C:\EPICFORCEBACKUP\EPICFORCEENGINE\EPICFORCEENGINE\MAGNUMENGINELIB\DEBUG\TEXTURE2DBASE.OBJ
C:\EPICFORCEBACKUP\EPICFORCEENGINE\EPICFORCEENGINE\MAGNUMENGINELIB\DEBUG\TEXTURE2DFILE.OBJ
C:\EPICFORCEBACKUP\EPICFORCEENGINE\EPICFORCEENGINE\MAGNUMENGINELIB\DEBUG\TEXTUREBASE.OBJ
C:\EPICFORCEBACKUP\EPICFORCEENGINE\EPICFORCEENGINE\MAGNUMENGINELIB\DEBUG\TEXTURECUBEBASE.OBJ
C:\EPICFORCEBACKUP\EPICFORCEENGINE\EPICFORCEENGINE\MAGNUMENGINELIB\DEBUG\TEXTURECUBEFILE.OBJ
C:\EPICFORCEBACKUP\EPICFORCEENGINE\EPICFORCEENGINE\MAGNUMENGINELIB\DEBUG\TEXTUREUNIFORMSBLOCK.OBJ
C:\EPICFORCEBACKUP\EPICFORCEENGINE\EPICFORCEENGINE\MAGNUMENGINELIB\DEBUG\TRANSFORM.OBJ
C:\EPICFORCEBACKUP\EPICFORCEENGINE\EPICFORCEENGINE\MAGNUMENGINELIB\DEBUG\TRIANGLE2.OBJ
C:\EPICFORCEBACKUP\EPICFORCEENGINE\EPICFORCEENGINE\MAGNUMENGINELIB\DEBUG\TRIANGLE3.OBJ
C:\EPICFORCEBACKUP\EPICFORCEENGINE\EPICFORCEENGINE\MAGNUMENGINELIB\DEBUG\UNIFORMSBLOCK.OBJ
C:\EPICFORCEBACKUP\EPICFORCEENGINE\EPICFORCEENGINE\MAGNUMENGINELIB\DEBUG\VECTOR10.OBJ
C:\EPICFORCEBACKUP\EPICFORCEENGINE\EPICFORCEENGINE\MAGNUMENGINELIB\DEBUG\VECTOR2.OBJ
C:\EPICFORCEBACKUP\EPICFORCEENGINE\EPICFORCEENGINE\MAGNUMENGINELIB\DEBUG\VECTOR3.OBJ
C:\EPICFORCEBACKUP\EPICFORCEENGINE\EPICFORCEENGINE\MAGNUMENGINELIB\DEBUG\VECTOR4.OBJ
C:\EPICFORCEBACKUP\EPICFORCEENGINE\EPICFORCEENGINE\MAGNUMENGINELIB\DEBUG\VEHICLECOLLIDER.OBJ
C:\EPICFORCEBACKUP\EPICFORCEENGINE\EPICFORCEENGINE\MAGNUMENGINELIB\DEBUG\VIDEO.OBJ
C:\EPICFORCEBACKUP\EPICFORCEENGINE\EPICFORCEENGINE\MAGNUMENGINELIB\DEBUG\SHAPE3.OBJ
C:\EPICFORCEBACKUP\EPICFORCEENGINE\EPICFORCEENGINE\MAGNUMENGINELIB\DEBUG\SINGLECURVE2.OBJ
C:\EPICFORCEBACKUP\EPICFORCEENGINE\EPICFORCEENGINE\MAGNUMENGINELIB\DEBUG\SINGLECURVE3.OBJ
C:\EPICFORCEBACKUP\EPICFORCEENGINE\EPICFORCEENGINE\MAGNUMENGINELIB\DEBUG\SKELETALANIMBASE.OBJ
C:\EPICFORCEBACKUP\EPICFORCEENGINE\EPICFORCEENGINE\MAGNUMENGINELIB\DEBUG\SKELETALANIMBLENDER.OBJ
C:\EPICFORCEBACKUP\EPICFORCEENGINE\EPICFORCEENGINE\MAGNUMENGINELIB\DEBUG\SKELETALANIMMODEL.OBJ
C:\EPICFORCEBACKUP\EPICFORCEENGINE\EPICFORCEENGINE\MAGNUMENGINELIB\DEBUG\SKELETALANIMMODELCOMPONENT.OBJ
C:\EPICFORCEBACKUP\EPICFORCEENGINE\EPICFORCEENGINE\MAGNUMENGINELIB\DEBUG\SKELETALANIMMODELRENDERER.OBJ
C:\EPICFORCEBACKUP\EPICFORCEENGINE\EPICFORCEENGINE\MAGNUMENGINELIB\DEBUG\SKELETALANIMATION.OBJ
C:\EPICFORCEBACKUP\EPICFORCEENGINE\EPICFORCEENGINE\MAGNUMENGINELIB\DEBUG\SKYSPHERE.OBJ
C:\EPICFORCEBACKUP\EPICFORCEENGINE\EPICFORCEENGINE\MAGNUMENGINELIB\DEBUG\SKYSPHERERENDERER.OBJ
C:\EPICFORCEBACKUP\EPICFORCEENGINE\EPICFORCEENGINE\MAGNUMENGINELIB\DEBUG\SPHERE3.OBJ
C:\EPICFORCEBACKUP\EPICFORCEENGINE\EPICFORCEENGINE\MAGNUMENGINELIB\DEBUG\SPHERE3COLLIDER.OBJ
C:\EPICFORCEBACKUP\EPICFORCEENGINE\EPICFORCEENGINE\MAGNUMENGINELIB\DEBUG\SPHERE3COLLISION.OBJ
C:\EPICFORCEBACKUP\EPICFORCEENGINE\EPICFORCEENGINE\MAGNUMENGINELIB\DEBUG\SPHEREBOUND.OBJ
C:\EPICFORCEBACKUP\EPICFORCEENGINE\EPICFORCEENGINE\MAGNUMENGINELIB\DEBUG\SPHERESHAPE3.OBJ
C:\EPICFORCEBACKUP\EPICFORCEENGINE\EPICFORCEENGINE\MAGNUMENGINELIB\DEBUG\SPRITESHEET.OBJ
C:\EPICFORCEBACKUP\EPICFORCEENGINE\EPICFORCEENGINE\MAGNUMENGINELIB\DEBUG\STAGE.OBJ
C:\EPICFORCEBACKUP\EPICFORCEENGINE\EPICFORCEENGINE\MAGNUMENGINELIB\DEBUG\STAGEPCPLATFORMDEPFUNC.OBJ
C:\EPICFORCEBACKUP\EPICFORCEENGINE\EPICFORCEENGINE\MAGNUMENGINELIB\DEBUG\STATE.OBJ
C:\EPICFORCEBACKUP\EPICFORCEENGINE\EPICFORCEENGINE\MAGNUMENGINELIB\DEBUG\RAYSPHERECAST.OBJ
C:\EPICFORCEBACKUP\EPICFORCEENGINE\EPICFORCEENGINE\MAGNUMENGINELIB\DEBUG\RECTANGLE2.OBJ
C:\EPICFORCEBACKUP\EPICFORCEENGINE\EPICFORCEENGINE\MAGNUMENGINELIB\DEBUG\RECTANGLE3.OBJ
C:\EPICFORCEBACKUP\EPICFORCEENGINE\EPICFORCEENGINE\MAGNUMENGINELIB\DEBUG\REFLECTEDCLASSFIELDREADER.OBJ
C:\EPICFORCEBACKUP\EPICFORCEENGINE\EPICFORCEENGINE\MAGNUMENGINELIB\DEBUG\REFLECTEDCLASSFIELDWRITER.OBJ
C:\EPICFORCEBACKUP\EPICFORCEENGINE\EPICFORCEENGINE\MAGNUMENGINELIB\DEBUG\REFLECTEDCLASSPROPERTYREADER.OBJ
C:\EPICFORCEBACKUP\EPICFORCEENGINE\EPICFORCEENGINE\MAGNUMENGINELIB\DEBUG\REFLECTEDCLASSPROPERTYWRITER.OBJ
C:\EPICFORCEBACKUP\EPICFORCEENGINE\EPICFORCEENGINE\MAGNUMENGINELIB\DEBUG\RENDERSTATESBLOCK.OBJ
C:\EPICFORCEBACKUP\EPICFORCEENGINE\EPICFORCEENGINE\MAGNUMENGINELIB\DEBUG\RENDERERBASE.OBJ
C:\EPICFORCEBACKUP\EPICFORCEENGINE\EPICFORCEENGINE\MAGNUMENGINELIB\DEBUG\RESOURCEACCESS.OBJ
C:\EPICFORCEBACKUP\EPICFORCEENGINE\EPICFORCEENGINE\MAGNUMENGINELIB\DEBUG\RESOURCEIMPORT.OBJ
C:\EPICFORCEBACKUP\EPICFORCEENGINE\EPICFORCEENGINE\MAGNUMENGINELIB\DEBUG\RESOURCEPATH.OBJ
C:\EPICFORCEBACKUP\EPICFORCEENGINE\EPICFORCEENGINE\MAGNUMENGINELIB\DEBUG\SRTTRANSFORM.OBJ
C:\EPICFORCEBACKUP\EPICFORCEENGINE\EPICFORCEENGINE\MAGNUMENGINELIB\DEBUG\SCENE.OBJ
C:\EPICFORCEBACKUP\EPICFORCEENGINE\EPICFORCEENGINE\MAGNUMENGINELIB\DEBUG\SCENECOLLISION.OBJ
C:\EPICFORCEBACKUP\EPICFORCEENGINE\EPICFORCEENGINE\MAGNUMENGINELIB\DEBUG\SEGMENT2.OBJ
C:\EPICFORCEBACKUP\EPICFORCEENGINE\EPICFORCEENGINE\MAGNUMENGINELIB\DEBUG\SEGMENT3.OBJ
C:\EPICFORCEBACKUP\EPICFORCEENGINE\EPICFORCEENGINE\MAGNUMENGINELIB\DEBUG\SELECTION3.OBJ
C:\EPICFORCEBACKUP\EPICFORCEENGINE\EPICFORCEENGINE\MAGNUMENGINELIB\DEBUG\SERVICE.OBJ
C:\EPICFORCEBACKUP\EPICFORCEENGINE\EPICFORCEENGINE\MAGNUMENGINELIB\DEBUG\SHADERPROGRAMBLOCK.OBJ
C:\EPICFORCEBACKUP\EPICFORCEENGINE\EPICFORCEENGINE\MAGNUMENGINELIB\DEBUG\MULTIPLECURVE2.OBJ
C:\EPICFORCEBACKUP\EPICFORCEENGINE\EPICFORCEENGINE\MAGNUMENGINELIB\DEBUG\MULTIPLECURVE3.OBJ
C:\EPICFORCEBACKUP\EPICFORCEENGINE\EPICFORCEENGINE\MAGNUMENGINELIB\DEBUG\ORTHOGRAPHICCAMERACOMPONENT.OBJ
C:\EPICFORCEBACKUP\EPICFORCEENGINE\EPICFORCEENGINE\MAGNUMENGINELIB\DEBUG\OUTPUTSTREAM.OBJ
C:\EPICFORCEBACKUP\EPICFORCEENGINE\EPICFORCEENGINE\MAGNUMENGINELIB\DEBUG\PVRTEXCONVERT.OBJ
C:\EPICFORCEBACKUP\EPICFORCEENGINE\EPICFORCEENGINE\MAGNUMENGINELIB\DEBUG\PVRTEXLOAD.OBJ
C:\EPICFORCEBACKUP\EPICFORCEENGINE\EPICFORCEENGINE\MAGNUMENGINELIB\DEBUG\PARTICLEEMITTER.OBJ
C:\EPICFORCEBACKUP\EPICFORCEENGINE\EPICFORCEENGINE\MAGNUMENGINELIB\DEBUG\PARTICLEEMITTERRENDERER.OBJ
C:\EPICFORCEBACKUP\EPICFORCEENGINE\EPICFORCEENGINE\MAGNUMENGINELIB\DEBUG\PERSPECTIVECAMERACOMPONENT.OBJ
C:\EPICFORCEBACKUP\EPICFORCEENGINE\EPICFORCEENGINE\MAGNUMENGINELIB\DEBUG\PHYSICS3.OBJ
C:\EPICFORCEBACKUP\EPICFORCEENGINE\EPICFORCEENGINE\MAGNUMENGINELIB\DEBUG\PLANE3.OBJ
C:\EPICFORCEBACKUP\EPICFORCEENGINE\EPICFORCEENGINE\MAGNUMENGINELIB\DEBUG\PLATFORM.OBJ
C:\EPICFORCEBACKUP\EPICFORCEENGINE\EPICFORCEENGINE\MAGNUMENGINELIB\DEBUG\POLYHEDRON3.OBJ
C:\EPICFORCEBACKUP\EPICFORCEENGINE\EPICFORCEENGINE\MAGNUMENGINELIB\DEBUG\POLYNOMIAL1.OBJ
C:\EPICFORCEBACKUP\EPICFORCEENGINE\EPICFORCEENGINE\MAGNUMENGINELIB\DEBUG\PROJECTMODELVIEWBASE.OBJ
C:\EPICFORCEBACKUP\EPICFORCEENGINE\EPICFORCEENGINE\MAGNUMENGINELIB\DEBUG\QUADRATIC2.OBJ
C:\EPICFORCEBACKUP\EPICFORCEENGINE\EPICFORCEENGINE\MAGNUMENGINELIB\DEBUG\QUADRATIC3.OBJ
C:\EPICFORCEBACKUP\EPICFORCEENGINE\EPICFORCEENGINE\MAGNUMENGINELIB\DEBUG\QUATERNION.OBJ
C:\EPICFORCEBACKUP\EPICFORCEENGINE\EPICFORCEENGINE\MAGNUMENGINELIB\DEBUG\RAY2.OBJ
C:\EPICFORCEBACKUP\EPICFORCEENGINE\EPICFORCEENGINE\MAGNUMENGINELIB\DEBUG\RAY3.OBJ
C:\EPICFORCEBACKUP\EPICFORCEENGINE\EPICFORCEENGINE\MAGNUMENGINELIB\DEBUG\GRAPHICS2COMPONENT.OBJ
C:\EPICFORCEBACKUP\EPICFORCEENGINE\EPICFORCEENGINE\MAGNUMENGINELIB\DEBUG\GRAPHICS3COMPONENT.OBJ
C:\EPICFORCEBACKUP\EPICFORCEENGINE\EPICFORCEENGINE\MAGNUMENGINELIB\DEBUG\HEIGHTFIELDCOLLIDER.OBJ
C:\EPICFORCEBACKUP\EPICFORCEENGINE\EPICFORCEENGINE\MAGNUMENGINELIB\DEBUG\HEIGHTFIELDSHAPE3.OBJ
C:\EPICFORCEBACKUP\EPICFORCEENGINE\EPICFORCEENGINE\MAGNUMENGINELIB\DEBUG\ICOMPONENTDEBUGRENDERER.OBJ
C:\EPICFORCEBACKUP\EPICFORCEENGINE\EPICFORCEENGINE\MAGNUMENGINELIB\DEBUG\IO.OBJ
C:\EPICFORCEBACKUP\EPICFORCEENGINE\EPICFORCEENGINE\MAGNUMENGINELIB\DEBUG\IVECTOR2.OBJ
C:\EPICFORCEBACKUP\EPICFORCEENGINE\EPICFORCEENGINE\MAGNUMENGINELIB\DEBUG\IVECTOR3.OBJ
C:\EPICFORCEBACKUP\EPICFORCEENGINE\EPICFORCEENGINE\MAGNUMENGINELIB\DEBUG\IVECTOR4.OBJ
C:\EPICFORCEBACKUP\EPICFORCEENGINE\EPICFORCEENGINE\MAGNUMENGINELIB\DEBUG\INPUT.OBJ
C:\EPICFORCEBACKUP\EPICFORCEENGINE\EPICFORCEENGINE\MAGNUMENGINELIB\DEBUG\INPUTSTREAM.OBJ
C:\EPICFORCEBACKUP\EPICFORCEENGINE\EPICFORCEENGINE\MAGNUMENGINELIB\DEBUG\LINE2.OBJ
C:\EPICFORCEBACKUP\EPICFORCEENGINE\EPICFORCEENGINE\MAGNUMENGINELIB\DEBUG\LINE3.OBJ
C:\EPICFORCEBACKUP\EPICFORCEENGINE\EPICFORCEENGINE\MAGNUMENGINELIB\DEBUG\LIST.OBJ
C:\EPICFORCEBACKUP\EPICFORCEENGINE\EPICFORCEENGINE\MAGNUMENGINELIB\DEBUG\LOZENGE3.OBJ
C:\EPICFORCEBACKUP\EPICFORCEENGINE\EPICFORCEENGINE\MAGNUMENGINELIB\DEBUG\MAGNUMPREFAB.OBJ
C:\EPICFORCEBACKUP\EPICFORCEENGINE\EPICFORCEENGINE\MAGNUMENGINELIB\DEBUG\MAGNUMSCENE.OBJ
C:\EPICFORCEBACKUP\EPICFORCEENGINE\EPICFORCEENGINE\MAGNUMENGINELIB\DEBUG\MATRIX2.OBJ
C:\EPICFORCEBACKUP\EPICFORCEENGINE\EPICFORCEENGINE\MAGNUMENGINELIB\DEBUG\MATRIX3.OBJ
C:\EPICFORCEBACKUP\EPICFORCEENGINE\EPICFORCEENGINE\MAGNUMENGINELIB\DEBUG\MATRIX4.OBJ
C:\EPICFORCEBACKUP\EPICFORCEENGINE\EPICFORCEENGINE\MAGNUMENGINELIB\DEBUG\GXDEF.OBJ
C:\EPICFORCEBACKUP\EPICFORCEENGINE\EPICFORCEENGINE\MAGNUMENGINELIB\DEBUG\GXDEPTHBUFFER.OBJ
C:\EPICFORCEBACKUP\EPICFORCEENGINE\EPICFORCEENGINE\MAGNUMENGINELIB\DEBUG\GXDEPTHTESTSTATE.OBJ
C:\EPICFORCEBACKUP\EPICFORCEENGINE\EPICFORCEENGINE\MAGNUMENGINELIB\DEBUG\GXFRAMEBUFFER.OBJ
C:\EPICFORCEBACKUP\EPICFORCEENGINE\EPICFORCEENGINE\MAGNUMENGINELIB\DEBUG\GXINDEXBUFFER.OBJ
C:\EPICFORCEBACKUP\EPICFORCEENGINE\EPICFORCEENGINE\MAGNUMENGINELIB\DEBUG\GXPIXELBUFFER.OBJ
C:\EPICFORCEBACKUP\EPICFORCEENGINE\EPICFORCEENGINE\MAGNUMENGINELIB\DEBUG\GXPOLYGONOFFSETSTATE.OBJ
C:\EPICFORCEBACKUP\EPICFORCEENGINE\EPICFORCEENGINE\MAGNUMENGINELIB\DEBUG\GXPRIMITIVE.OBJ
C:\EPICFORCEBACKUP\EPICFORCEENGINE\EPICFORCEENGINE\MAGNUMENGINELIB\DEBUG\GXRENDERTARGET.OBJ
C:\EPICFORCEBACKUP\EPICFORCEENGINE\EPICFORCEENGINE\MAGNUMENGINELIB\DEBUG\GXSHADERPROGRAM.OBJ
C:\EPICFORCEBACKUP\EPICFORCEENGINE\EPICFORCEENGINE\MAGNUMENGINELIB\DEBUG\GXSTENCILOPSTATE.OBJ
C:\EPICFORCEBACKUP\EPICFORCEENGINE\EPICFORCEENGINE\MAGNUMENGINELIB\DEBUG\GXSTENCILTESTSTATE.OBJ
C:\EPICFORCEBACKUP\EPICFORCEENGINE\EPICFORCEENGINE\MAGNUMENGINELIB\DEBUG\GXTEXTURE.OBJ
C:\EPICFORCEBACKUP\EPICFORCEENGINE\EPICFORCEENGINE\MAGNUMENGINELIB\DEBUG\GXTEXTURE2D.OBJ
C:\EPICFORCEBACKUP\EPICFORCEENGINE\EPICFORCEENGINE\MAGNUMENGINELIB\DEBUG\GXTEXTURECUBE.OBJ
C:\EPICFORCEBACKUP\EPICFORCEENGINE\EPICFORCEENGINE\MAGNUMENGINELIB\DEBUG\GXTEXTUREFILTERSTATE.OBJ
C:\EPICFORCEBACKUP\EPICFORCEENGINE\EPICFORCEENGINE\MAGNUMENGINELIB\DEBUG\GXTEXTUREWRAPSTATE.OBJ
C:\EPICFORCEBACKUP\EPICFORCEENGINE\EPICFORCEENGINE\MAGNUMENGINELIB\DEBUG\GXUNIFORM.OBJ
C:\EPICFORCEBACKUP\EPICFORCEENGINE\EPICFORCEENGINE\MAGNUMENGINELIB\DEBUG\GXVERTEXBUFFER.OBJ
C:\EPICFORCEBACKUP\EPICFORCEENGINE\EPICFORCEENGINE\MAGNUMENGINELIB\DEBUG\GAMEDESCRIPTOR.OBJ
C:\EPICFORCEBACKUP\EPICFORCEENGINE\EPICFORCEENGINE\MAGNUMENGINELIB\DEBUG\EMATH.OBJ
C:\EPICFORCEBACKUP\EPICFORCEENGINE\EPICFORCEENGINE\MAGNUMENGINELIB\DEBUG\ESTRING.OBJ
C:\EPICFORCEBACKUP\EPICFORCEENGINE\EPICFORCEENGINE\MAGNUMENGINELIB\DEBUG\ESYSTEM.OBJ
C:\EPICFORCEBACKUP\EPICFORCEENGINE\EPICFORCEENGINE\MAGNUMENGINELIB\DEBUG\EDITORCAMERACOMPONENT.OBJ
C:\EPICFORCEBACKUP\EPICFORCEENGINE\EPICFORCEENGINE\MAGNUMENGINELIB\DEBUG\EDITORGIZMO.OBJ
C:\EPICFORCEBACKUP\EPICFORCEENGINE\EPICFORCEENGINE\MAGNUMENGINELIB\DEBUG\EDITORGIZMORENDERER.OBJ
C:\EPICFORCEBACKUP\EPICFORCEENGINE\EPICFORCEENGINE\MAGNUMENGINELIB\DEBUG\ENTITY.OBJ
C:\EPICFORCEBACKUP\EPICFORCEENGINE\EPICFORCEENGINE\MAGNUMENGINELIB\DEBUG\ENTITYFIELDREADER.OBJ
C:\EPICFORCEBACKUP\EPICFORCEENGINE\EPICFORCEENGINE\MAGNUMENGINELIB\DEBUG\ENTITYFIELDWRITER.OBJ
C:\EPICFORCEBACKUP\EPICFORCEENGINE\EPICFORCEENGINE\MAGNUMENGINELIB\DEBUG\ENTITYPROPERTYREADER.OBJ
C:\EPICFORCEBACKUP\EPICFORCEENGINE\EPICFORCEENGINE\MAGNUMENGINELIB\DEBUG\ENTITYPROPERTYWRITER.OBJ
C:\EPICFORCEBACKUP\EPICFORCEENGINE\EPICFORCEENGINE\MAGNUMENGINELIB\DEBUG\FILEIO.OBJ
C:\EPICFORCEBACKUP\EPICFORCEENGINE\EPICFORCEENGINE\MAGNUMENGINELIB\DEBUG\FONT.OBJ
C:\EPICFORCEBACKUP\EPICFORCEENGINE\EPICFORCEENGINE\MAGNUMENGINELIB\DEBUG\FRAME3.OBJ
C:\EPICFORCEBACKUP\EPICFORCEENGINE\EPICFORCEENGINE\MAGNUMENGINELIB\DEBUG\GXATTRIBUTE.OBJ
C:\EPICFORCEBACKUP\EPICFORCEENGINE\EPICFORCEENGINE\MAGNUMENGINELIB\DEBUG\GXBLENDSTATE.OBJ
C:\EPICFORCEBACKUP\EPICFORCEENGINE\EPICFORCEENGINE\MAGNUMENGINELIB\DEBUG\GXCOLORBUFFER.OBJ
C:\EPICFORCEBACKUP\EPICFORCEENGINE\EPICFORCEENGINE\MAGNUMENGINELIB\DEBUG\GXCONTEXT.OBJ
C:\EPICFORCEBACKUP\EPICFORCEENGINE\EPICFORCEENGINE\MAGNUMENGINELIB\DEBUG\GXCULLSTATE.OBJ
C:\EPICFORCEBACKUP\EPICFORCEENGINE\EPICFORCEENGINE\MAGNUMENGINELIB\DEBUG\GXDEBUGRENDERER.OBJ
C:\EPICFORCEBACKUP\EPICFORCEENGINE\EPICFORCEENGINE\MAGNUMENGINELIB\DEBUG\CLASSINDEXMAP.OBJ
C:\EPICFORCEBACKUP\EPICFORCEENGINE\EPICFORCEENGINE\MAGNUMENGINELIB\DEBUG\COLLISION.OBJ
C:\EPICFORCEBACKUP\EPICFORCEENGINE\EPICFORCEENGINE\MAGNUMENGINELIB\DEBUG\COLORRGB.OBJ
C:\EPICFORCEBACKUP\EPICFORCEENGINE\EPICFORCEENGINE\MAGNUMENGINELIB\DEBUG\COLORRGBA.OBJ
C:\EPICFORCEBACKUP\EPICFORCEENGINE\EPICFORCEENGINE\MAGNUMENGINELIB\DEBUG\COMPONENT.OBJ
C:\EPICFORCEBACKUP\EPICFORCEENGINE\EPICFORCEENGINE\MAGNUMENGINELIB\DEBUG\CONE3.OBJ
C:\EPICFORCEBACKUP\EPICFORCEENGINE\EPICFORCEENGINE\MAGNUMENGINELIB\DEBUG\CONE3COLLIDER.OBJ
C:\EPICFORCEBACKUP\EPICFORCEENGINE\EPICFORCEENGINE\MAGNUMENGINELIB\DEBUG\CONESHAPE3.OBJ
C:\EPICFORCEBACKUP\EPICFORCEENGINE\EPICFORCEENGINE\MAGNUMENGINELIB\DEBUG\CUBE.OBJ
C:\EPICFORCEBACKUP\EPICFORCEENGINE\EPICFORCEENGINE\MAGNUMENGINELIB\DEBUG\CUBERENDERER.OBJ
C:\EPICFORCEBACKUP\EPICFORCEENGINE\EPICFORCEENGINE\MAGNUMENGINELIB\DEBUG\CURVE2.OBJ
C:\EPICFORCEBACKUP\EPICFORCEENGINE\EPICFORCEENGINE\MAGNUMENGINELIB\DEBUG\CURVE3.OBJ
C:\EPICFORCEBACKUP\EPICFORCEENGINE\EPICFORCEENGINE\MAGNUMENGINELIB\DEBUG\CYLINDER3.OBJ
C:\EPICFORCEBACKUP\EPICFORCEENGINE\EPICFORCEENGINE\MAGNUMENGINELIB\DEBUG\CYLINDER3COLLIDER.OBJ
C:\EPICFORCEBACKUP\EPICFORCEENGINE\EPICFORCEENGINE\MAGNUMENGINELIB\DEBUG\CYLINDERSHAPE3.OBJ
C:\EPICFORCEBACKUP\EPICFORCEENGINE\EPICFORCEENGINE\MAGNUMENGINELIB\DEBUG\DELEGATE.OBJ
C:\EPICFORCEBACKUP\EPICFORCEENGINE\EPICFORCEENGINE\MAGNUMENGINELIB\DEBUG\DIFFUSEMAPCUBE.OBJ
C:\EPICFORCEBACKUP\EPICFORCEENGINE\EPICFORCEENGINE\MAGNUMENGINELIB\DEBUG\DIFFUSEMAPCUBERENDERER.OBJ
C:\EPICFORCEBACKUP\EPICFORCEENGINE\EPICFORCEENGINE\MAGNUMENGINELIB\DEBUG\DIFFUSEMAPSPECULARMAPCUBE.OBJ
C:\EPICFORCEBACKUP\EPICFORCEENGINE\EPICFORCEENGINE\MAGNUMENGINELIB\DEBUG\DIFFUSEMAPSPECULARMAPCUBERENDERER.OBJ
C:\EPICFORCEBACKUP\EPICFORCEENGINE\EPICFORCEENGINE\MAGNUMENGINELIB\DEBUG\BVHTRIANGLEMESHCOLLIDER.OBJ
C:\EPICFORCEBACKUP\EPICFORCEENGINE\EPICFORCEENGINE\MAGNUMENGINELIB\DEBUG\BVHTRIANGLEMESHSHAPE3.OBJ
C:\EPICFORCEBACKUP\EPICFORCEENGINE\EPICFORCEENGINE\MAGNUMENGINELIB\DEBUG\BVECTOR2.OBJ
C:\EPICFORCEBACKUP\EPICFORCEENGINE\EPICFORCEENGINE\MAGNUMENGINELIB\DEBUG\BVECTOR3.OBJ
C:\EPICFORCEBACKUP\EPICFORCEENGINE\EPICFORCEENGINE\MAGNUMENGINELIB\DEBUG\BVECTOR4.OBJ
C:\EPICFORCEBACKUP\EPICFORCEENGINE\EPICFORCEENGINE\MAGNUMENGINELIB\DEBUG\BARYCENTRIC.OBJ
C:\EPICFORCEBACKUP\EPICFORCEENGINE\EPICFORCEENGINE\MAGNUMENGINELIB\DEBUG\BASICSCENE.OBJ
C:\EPICFORCEBACKUP\EPICFORCEENGINE\EPICFORCEENGINE\MAGNUMENGINELIB\DEBUG\BEZIERCURVE2.OBJ
C:\EPICFORCEBACKUP\EPICFORCEENGINE\EPICFORCEENGINE\MAGNUMENGINELIB\DEBUG\BEZIERCURVE3.OBJ
C:\EPICFORCEBACKUP\EPICFORCEENGINE\EPICFORCEENGINE\MAGNUMENGINELIB\DEBUG\BILLBOARD.OBJ
C:\EPICFORCEBACKUP\EPICFORCEENGINE\EPICFORCEENGINE\MAGNUMENGINELIB\DEBUG\BILLBOARDRENDERER.OBJ
C:\EPICFORCEBACKUP\EPICFORCEENGINE\EPICFORCEENGINE\MAGNUMENGINELIB\DEBUG\BOX3COLLIDER.OBJ
C:\EPICFORCEBACKUP\EPICFORCEENGINE\EPICFORCEENGINE\MAGNUMENGINELIB\DEBUG\BOXSHAPE3.OBJ
C:\EPICFORCEBACKUP\EPICFORCEENGINE\EPICFORCEENGINE\MAGNUMENGINELIB\DEBUG\CAMERACOMPONENT.OBJ
C:\EPICFORCEBACKUP\EPICFORCEENGINE\EPICFORCEENGINE\MAGNUMENGINELIB\DEBUG\CAPSULE3.OBJ
C:\EPICFORCEBACKUP\EPICFORCEENGINE\EPICFORCEENGINE\MAGNUMENGINELIB\DEBUG\CAPSULE3COLLIDER.OBJ
C:\EPICFORCEBACKUP\EPICFORCEENGINE\EPICFORCEENGINE\MAGNUMENGINELIB\DEBUG\CAPSULEBOUND.OBJ
C:\EPICFORCEBACKUP\EPICFORCEENGINE\EPICFORCEENGINE\MAGNUMENGINELIB\DEBUG\CAPSULESHAPE3.OBJ
C:\EPICFORCEBACKUP\EPICFORCEENGINE\EPICFORCEENGINE\MAGNUMENGINELIB\DEBUG\CIRCLE2.OBJ
C:\EPICFORCEBACKUP\EPICFORCEENGINE\EPICFORCEENGINE\MAGNUMENGINELIB\DEBUG\CIRCLE3.OBJ
C:\EPICFORCEBACKUP\EPICFORCEENGINE\EPICFORCEENGINE\MAGNUMENGINELIB\DEBUG\AABB2.OBJ
C:\EPICFORCEBACKUP\EPICFORCEENGINE\EPICFORCEENGINE\MAGNUMENGINELIB\DEBUG\AABB3.OBJ
C:\EPICFORCEBACKUP\EPICFORCEENGINE\EPICFORCEENGINE\MAGNUMENGINELIB\DEBUG\ANIMBASE.OBJ
C:\EPICFORCEBACKUP\EPICFORCEENGINE\EPICFORCEENGINE\MAGNUMENGINELIB\DEBUG\ARC2.OBJ
C:\EPICFORCEBACKUP\EPICFORCEENGINE\EPICFORCEENGINE\MAGNUMENGINELIB\DEBUG\ARRAY.OBJ
C:\EPICFORCEBACKUP\EPICFORCEENGINE\EPICFORCEENGINE\MAGNUMENGINELIB\DEBUG\ATTRIBUTESBLOCK.OBJ
C:\EPICFORCEBACKUP\EPICFORCEENGINE\EPICFORCEENGINE\MAGNUMENGINELIB\DEBUG\AUDIO.OBJ
C:\EPICFORCEBACKUP\EPICFORCEENGINE\EPICFORCEENGINE\MAGNUMENGINELIB\DEBUG\AUDIOCLIP.OBJ
C:\EPICFORCEBACKUP\EPICFORCEENGINE\EPICFORCEENGINE\MAGNUMENGINELIB\DEBUG\AUDIOCOMPONENT.OBJ
C:\EPICFORCEBACKUP\EPICFORCEENGINE\EPICFORCEENGINE\MAGNUMENGINELIB\DEBUG\AUDIOLISTENER.OBJ
C:\EPICFORCEBACKUP\EPICFORCEENGINE\EPICFORCEENGINE\MAGNUMENGINELIB\DEBUG\AUDIOLISTENERBASE.OBJ
C:\EPICFORCEBACKUP\EPICFORCEENGINE\EPICFORCEENGINE\MAGNUMENGINELIB\DEBUG\AUDIOSOURCEBASE.OBJ
C:\EPICFORCEBACKUP\EPICFORCEENGINE\EPICFORCEENGINE\MAGNUMENGINELIB\DEBUG\AUDIOSTREAM.OBJ
C:\EPICFORCEBACKUP\EPICFORCEENGINE\EPICFORCEENGINE\MAGNUMENGINELIB\DEBUG\BSPLINEBASIS.OBJ
C:\EPICFORCEBACKUP\EPICFORCEENGINE\EPICFORCEENGINE\MAGNUMENGINELIB\DEBUG\BSPLINECURVE2.OBJ
C:\EPICFORCEBACKUP\EPICFORCEENGINE\EPICFORCEENGINE\MAGNUMENGINELIB\DEBUG\BSPLINECURVE3.OBJ
C:\EPICFORCEBACKUP\EPICFORCEENGINE\EPICFORCEENGINE\MAGNUMENGINELIB\DEBUG\VC110.PDB
C:\EPICFORCEBACKUP\EPICFORCEENGINE\EPICFORCEENGINE\MAGNUMENGINELIB\DEBUG\IOAPI.OBJ
C:\EPICFORCEBACKUP\EPICFORCEENGINE\EPICFORCEENGINE\MAGNUMENGINELIB\DEBUG\IOWIN32.OBJ
C:\EPICFORCEBACKUP\EPICFORCEENGINE\EPICFORCEENGINE\MAGNUMENGINELIB\DEBUG\MZTOOLS.OBJ
C:\EPICFORCEBACKUP\EPICFORCEENGINE\EPICFORCEENGINE\MAGNUMENGINELIB\DEBUG\UNZIP.OBJ
C:\EPICFORCEBACKUP\EPICFORCEENGINE\EPICFORCEENGINE\MAGNUMENGINELIB\DEBUG\ZIP.OBJ
C:\EPICFORCEBACKUP\EPICFORCEENGINE\EPICFORCEENGINE\MAGNUMENGINELIB\DEBUG\ADLER32.OBJ
C:\EPICFORCEBACKUP\EPICFORCEENGINE\EPICFORCEENGINE\MAGNUMENGINELIB\DEBUG\COMPRESS.OBJ
C:\EPICFORCEBACKUP\EPICFORCEENGINE\EPICFORCEENGINE\MAGNUMENGINELIB\DEBUG\CRC32.OBJ
C:\EPICFORCEBACKUP\EPICFORCEENGINE\EPICFORCEENGINE\MAGNUMENGINELIB\DEBUG\DEFLATE.OBJ
C:\EPICFORCEBACKUP\EPICFORCEENGINE\EPICFORCEENGINE\MAGNUMENGINELIB\DEBUG\GZCLOSE.OBJ
C:\EPICFORCEBACKUP\EPICFORCEENGINE\EPICFORCEENGINE\MAGNUMENGINELIB\DEBUG\GZLIB.OBJ
C:\EPICFORCEBACKUP\EPICFORCEENGINE\EPICFORCEENGINE\MAGNUMENGINELIB\DEBUG\GZREAD.OBJ
C:\EPICFORCEBACKUP\EPICFORCEENGINE\EPICFORCEENGINE\MAGNUMENGINELIB\DEBUG\GZWRITE.OBJ
C:\EPICFORCEBACKUP\EPICFORCEENGINE\EPICFORCEENGINE\MAGNUMENGINELIB\DEBUG\INFBACK.OBJ
C:\EPICFORCEBACKUP\EPICFORCEENGINE\EPICFORCEENGINE\MAGNUMENGINELIB\DEBUG\INFFAST.OBJ
C:\EPICFORCEBACKUP\EPICFORCEENGINE\EPICFORCEENGINE\MAGNUMENGINELIB\DEBUG\INFLATE.OBJ
C:\EPICFORCEBACKUP\EPICFORCEENGINE\EPICFORCEENGINE\MAGNUMENGINELIB\DEBUG\INFTREES.OBJ
C:\EPICFORCEBACKUP\EPICFORCEENGINE\EPICFORCEENGINE\MAGNUMENGINELIB\DEBUG\TREES.OBJ
C:\EPICFORCEBACKUP\EPICFORCEENGINE\EPICFORCEENGINE\MAGNUMENGINELIB\DEBUG\UNCOMPR.OBJ
C:\EPICFORCEBACKUP\EPICFORCEENGINE\EPICFORCEENGINE\MAGNUMENGINELIB\DEBUG\ZUTIL.OBJ
C:\EPICFORCEBACKUP\EPICFORCEENGINE\EPICFORCEENGINE\DEBUG\MAGNUMENGINELIB.LIB
C:\EpicForceBackup\EpicForceEngine\EpicForceEngine\MagnumEngineLib\Debug\AABB2.obj
C:\EpicForceBackup\EpicForceEngine\EpicForceEngine\MagnumEngineLib\Debug\AABB3.obj
C:\EpicForceBackup\EpicForceEngine\EpicForceEngine\MagnumEngineLib\Debug\adler32.obj
C:\EpicForceBackup\EpicForceEngine\EpicForceEngine\MagnumEngineLib\Debug\AnimBase.obj
C:\EpicForceBackup\EpicForceEngine\EpicForceEngine\MagnumEngineLib\Debug\Arc2.obj
C:\EpicForceBackup\EpicForceEngine\EpicForceEngine\MagnumEngineLib\Debug\Array.obj
C:\EpicForceBackup\EpicForceEngine\EpicForceEngine\MagnumEngineLib\Debug\AttributesBlock.obj
C:\EpicForceBackup\EpicForceEngine\EpicForceEngine\MagnumEngineLib\Debug\Audio.obj
C:\EpicForceBackup\EpicForceEngine\EpicForceEngine\MagnumEngineLib\Debug\AudioClip.obj
C:\EpicForceBackup\EpicForceEngine\EpicForceEngine\MagnumEngineLib\Debug\AudioComponent.obj
C:\EpicForceBackup\EpicForceEngine\EpicForceEngine\MagnumEngineLib\Debug\AudioListener.obj
C:\EpicForceBackup\EpicForceEngine\EpicForceEngine\MagnumEngineLib\Debug\AudioListenerBase.obj
C:\EpicForceBackup\EpicForceEngine\EpicForceEngine\MagnumEngineLib\Debug\AudioSourceBase.obj
C:\EpicForceBackup\EpicForceEngine\EpicForceEngine\MagnumEngineLib\Debug\AudioStream.obj
C:\EpicForceBackup\EpicForceEngine\EpicForceEngine\MagnumEngineLib\Debug\b2BlockAllocator.obj
C:\EpicForceBackup\EpicForceEngine\EpicForceEngine\MagnumEngineLib\Debug\b2Body.obj
C:\EpicForceBackup\EpicForceEngine\EpicForceEngine\MagnumEngineLib\Debug\b2BroadPhase.obj
C:\EpicForceBackup\EpicForceEngine\EpicForceEngine\MagnumEngineLib\Debug\b2ChainAndCircleContact.obj
C:\EpicForceBackup\EpicForceEngine\EpicForceEngine\MagnumEngineLib\Debug\b2ChainAndPolygonContact.obj
C:\EpicForceBackup\EpicForceEngine\EpicForceEngine\MagnumEngineLib\Debug\b2ChainShape.obj
C:\EpicForceBackup\EpicForceEngine\EpicForceEngine\MagnumEngineLib\Debug\b2CircleContact.obj
C:\EpicForceBackup\EpicForceEngine\EpicForceEngine\MagnumEngineLib\Debug\b2CircleShape.obj
C:\EpicForceBackup\EpicForceEngine\EpicForceEngine\MagnumEngineLib\Debug\b2CollideCircle.obj
C:\EpicForceBackup\EpicForceEngine\EpicForceEngine\MagnumEngineLib\Debug\b2CollideEdge.obj
C:\EpicForceBackup\EpicForceEngine\EpicForceEngine\MagnumEngineLib\Debug\b2CollidePolygon.obj
C:\EpicForceBackup\EpicForceEngine\EpicForceEngine\MagnumEngineLib\Debug\b2Collision.obj
C:\EpicForceBackup\EpicForceEngine\EpicForceEngine\MagnumEngineLib\Debug\b2Contact.obj
C:\EpicForceBackup\EpicForceEngine\EpicForceEngine\MagnumEngineLib\Debug\b2ContactManager.obj
C:\EpicForceBackup\EpicForceEngine\EpicForceEngine\MagnumEngineLib\Debug\b2ContactSolver.obj
C:\EpicForceBackup\EpicForceEngine\EpicForceEngine\MagnumEngineLib\Debug\b2Distance.obj
C:\EpicForceBackup\EpicForceEngine\EpicForceEngine\MagnumEngineLib\Debug\b2DistanceJoint.obj
C:\EpicForceBackup\EpicForceEngine\EpicForceEngine\MagnumEngineLib\Debug\b2Draw.obj
C:\EpicForceBackup\EpicForceEngine\EpicForceEngine\MagnumEngineLib\Debug\b2DynamicTree.obj
C:\EpicForceBackup\EpicForceEngine\EpicForceEngine\MagnumEngineLib\Debug\b2EdgeAndCircleContact.obj
C:\EpicForceBackup\EpicForceEngine\EpicForceEngine\MagnumEngineLib\Debug\b2EdgeAndPolygonContact.obj
C:\EpicForceBackup\EpicForceEngine\EpicForceEngine\MagnumEngineLib\Debug\b2EdgeShape.obj
C:\EpicForceBackup\EpicForceEngine\EpicForceEngine\MagnumEngineLib\Debug\b2Fixture.obj
C:\EpicForceBackup\EpicForceEngine\EpicForceEngine\MagnumEngineLib\Debug\b2FrictionJoint.obj
C:\EpicForceBackup\EpicForceEngine\EpicForceEngine\MagnumEngineLib\Debug\b2GearJoint.obj
C:\EpicForceBackup\EpicForceEngine\EpicForceEngine\MagnumEngineLib\Debug\b2Island.obj
C:\EpicForceBackup\EpicForceEngine\EpicForceEngine\MagnumEngineLib\Debug\b2Joint.obj
C:\EpicForceBackup\EpicForceEngine\EpicForceEngine\MagnumEngineLib\Debug\b2Math.obj
C:\EpicForceBackup\EpicForceEngine\EpicForceEngine\MagnumEngineLib\Debug\b2MouseJoint.obj
C:\EpicForceBackup\EpicForceEngine\EpicForceEngine\MagnumEngineLib\Debug\b2PolygonAndCircleContact.obj
C:\EpicForceBackup\EpicForceEngine\EpicForceEngine\MagnumEngineLib\Debug\b2PolygonContact.obj
C:\EpicForceBackup\EpicForceEngine\EpicForceEngine\MagnumEngineLib\Debug\b2PolygonShape.obj
C:\EpicForceBackup\EpicForceEngine\EpicForceEngine\MagnumEngineLib\Debug\b2PrismaticJoint.obj
C:\EpicForceBackup\EpicForceEngine\EpicForceEngine\MagnumEngineLib\Debug\b2PulleyJoint.obj
C:\EpicForceBackup\EpicForceEngine\EpicForceEngine\MagnumEngineLib\Debug\b2RevoluteJoint.obj
C:\EpicForceBackup\EpicForceEngine\EpicForceEngine\MagnumEngineLib\Debug\b2Rope.obj
C:\EpicForceBackup\EpicForceEngine\EpicForceEngine\MagnumEngineLib\Debug\b2RopeJoint.obj
C:\EpicForceBackup\EpicForceEngine\EpicForceEngine\MagnumEngineLib\Debug\b2Settings.obj
C:\EpicForceBackup\EpicForceEngine\EpicForceEngine\MagnumEngineLib\Debug\b2StackAllocator.obj
C:\EpicForceBackup\EpicForceEngine\EpicForceEngine\MagnumEngineLib\Debug\b2TimeOfImpact.obj
C:\EpicForceBackup\EpicForceEngine\EpicForceEngine\MagnumEngineLib\Debug\b2Timer.obj
C:\EpicForceBackup\EpicForceEngine\EpicForceEngine\MagnumEngineLib\Debug\b2WeldJoint.obj
C:\EpicForceBackup\EpicForceEngine\EpicForceEngine\MagnumEngineLib\Debug\b2WheelJoint.obj
C:\EpicForceBackup\EpicForceEngine\EpicForceEngine\MagnumEngineLib\Debug\b2World.obj
C:\EpicForceBackup\EpicForceEngine\EpicForceEngine\MagnumEngineLib\Debug\b2WorldCallbacks.obj
C:\EpicForceBackup\EpicForceEngine\EpicForceEngine\MagnumEngineLib\Debug\BaryCentric.obj
C:\EpicForceBackup\EpicForceEngine\EpicForceEngine\MagnumEngineLib\Debug\BasicScene.obj
C:\EpicForceBackup\EpicForceEngine\EpicForceEngine\MagnumEngineLib\Debug\BezierCurve2.obj
C:\EpicForceBackup\EpicForceEngine\EpicForceEngine\MagnumEngineLib\Debug\BezierCurve3.obj
C:\EpicForceBackup\EpicForceEngine\EpicForceEngine\MagnumEngineLib\Debug\BillBoard.obj
C:\EpicForceBackup\EpicForceEngine\EpicForceEngine\MagnumEngineLib\Debug\BillBoardRenderer.obj
C:\EpicForceBackup\EpicForceEngine\EpicForceEngine\MagnumEngineLib\Debug\Box3Collider.obj
C:\EpicForceBackup\EpicForceEngine\EpicForceEngine\MagnumEngineLib\Debug\BoxShape3.obj
C:\EpicForceBackup\EpicForceEngine\EpicForceEngine\MagnumEngineLib\Debug\BSplineBasis.obj
C:\EpicForceBackup\EpicForceEngine\EpicForceEngine\MagnumEngineLib\Debug\BSplineCurve2.obj
C:\EpicForceBackup\EpicForceEngine\EpicForceEngine\MagnumEngineLib\Debug\BSplineCurve3.obj
C:\EpicForceBackup\EpicForceEngine\EpicForceEngine\MagnumEngineLib\Debug\btActivatingCollisionAlgorithm.obj
C:\EpicForceBackup\EpicForceEngine\EpicForceEngine\MagnumEngineLib\Debug\btAlignedAllocator.obj
C:\EpicForceBackup\EpicForceEngine\EpicForceEngine\MagnumEngineLib\Debug\btAxisSweep3.obj
C:\EpicForceBackup\EpicForceEngine\EpicForceEngine\MagnumEngineLib\Debug\btBox2dBox2dCollisionAlgorithm.obj
C:\EpicForceBackup\EpicForceEngine\EpicForceEngine\MagnumEngineLib\Debug\btBox2dShape.obj
C:\EpicForceBackup\EpicForceEngine\EpicForceEngine\MagnumEngineLib\Debug\btBoxBoxCollisionAlgorithm.obj
C:\EpicForceBackup\EpicForceEngine\EpicForceEngine\MagnumEngineLib\Debug\btBoxBoxDetector.obj
C:\EpicForceBackup\EpicForceEngine\EpicForceEngine\MagnumEngineLib\Debug\btBoxShape.obj
C:\EpicForceBackup\EpicForceEngine\EpicForceEngine\MagnumEngineLib\Debug\btBroadphaseProxy.obj
C:\EpicForceBackup\EpicForceEngine\EpicForceEngine\MagnumEngineLib\Debug\btBvhTriangleMeshShape.obj
C:\EpicForceBackup\EpicForceEngine\EpicForceEngine\MagnumEngineLib\Debug\btCapsuleShape.obj
C:\EpicForceBackup\EpicForceEngine\EpicForceEngine\MagnumEngineLib\Debug\btCollisionAlgorithm.obj
C:\EpicForceBackup\EpicForceEngine\EpicForceEngine\MagnumEngineLib\Debug\btCollisionDispatcher.obj
C:\EpicForceBackup\EpicForceEngine\EpicForceEngine\MagnumEngineLib\Debug\btCollisionObject.obj
C:\EpicForceBackup\EpicForceEngine\EpicForceEngine\MagnumEngineLib\Debug\btCollisionShape.obj
C:\EpicForceBackup\EpicForceEngine\EpicForceEngine\MagnumEngineLib\Debug\btCollisionWorld.obj
C:\EpicForceBackup\EpicForceEngine\EpicForceEngine\MagnumEngineLib\Debug\btCompoundCollisionAlgorithm.obj
C:\EpicForceBackup\EpicForceEngine\EpicForceEngine\MagnumEngineLib\Debug\btCompoundShape.obj
C:\EpicForceBackup\EpicForceEngine\EpicForceEngine\MagnumEngineLib\Debug\btConcaveShape.obj
C:\EpicForceBackup\EpicForceEngine\EpicForceEngine\MagnumEngineLib\Debug\btConeShape.obj
C:\EpicForceBackup\EpicForceEngine\EpicForceEngine\MagnumEngineLib\Debug\btConeTwistConstraint.obj
C:\EpicForceBackup\EpicForceEngine\EpicForceEngine\MagnumEngineLib\Debug\btContactConstraint.obj
C:\EpicForceBackup\EpicForceEngine\EpicForceEngine\MagnumEngineLib\Debug\btContactProcessing.obj
C:\EpicForceBackup\EpicForceEngine\EpicForceEngine\MagnumEngineLib\Debug\btContinuousConvexCollision.obj
C:\EpicForceBackup\EpicForceEngine\EpicForceEngine\MagnumEngineLib\Debug\btConvex2dConvex2dAlgorithm.obj
C:\EpicForceBackup\EpicForceEngine\EpicForceEngine\MagnumEngineLib\Debug\btConvex2dShape.obj
C:\EpicForceBackup\EpicForceEngine\EpicForceEngine\MagnumEngineLib\Debug\btConvexCast.obj
C:\EpicForceBackup\EpicForceEngine\EpicForceEngine\MagnumEngineLib\Debug\btConvexConcaveCollisionAlgorithm.obj
C:\EpicForceBackup\EpicForceEngine\EpicForceEngine\MagnumEngineLib\Debug\btConvexConvexAlgorithm.obj
C:\EpicForceBackup\EpicForceEngine\EpicForceEngine\MagnumEngineLib\Debug\btConvexHull.obj
C:\EpicForceBackup\EpicForceEngine\EpicForceEngine\MagnumEngineLib\Debug\btConvexHullComputer.obj
C:\EpicForceBackup\EpicForceEngine\EpicForceEngine\MagnumEngineLib\Debug\btConvexHullShape.obj
C:\EpicForceBackup\EpicForceEngine\EpicForceEngine\MagnumEngineLib\Debug\btConvexInternalShape.obj
C:\EpicForceBackup\EpicForceEngine\EpicForceEngine\MagnumEngineLib\Debug\btConvexPlaneCollisionAlgorithm.obj
C:\EpicForceBackup\EpicForceEngine\EpicForceEngine\MagnumEngineLib\Debug\btConvexPointCloudShape.obj
C:\EpicForceBackup\EpicForceEngine\EpicForceEngine\MagnumEngineLib\Debug\btConvexPolyhedron.obj
C:\EpicForceBackup\EpicForceEngine\EpicForceEngine\MagnumEngineLib\Debug\btConvexShape.obj
C:\EpicForceBackup\EpicForceEngine\EpicForceEngine\MagnumEngineLib\Debug\btConvexTriangleMeshShape.obj
C:\EpicForceBackup\EpicForceEngine\EpicForceEngine\MagnumEngineLib\Debug\btCylinderShape.obj
C:\EpicForceBackup\EpicForceEngine\EpicForceEngine\MagnumEngineLib\Debug\btDbvt.obj
C:\EpicForceBackup\EpicForceEngine\EpicForceEngine\MagnumEngineLib\Debug\btDbvtBroadphase.obj
C:\EpicForceBackup\EpicForceEngine\EpicForceEngine\MagnumEngineLib\Debug\btDefaultCollisionConfiguration.obj
C:\EpicForceBackup\EpicForceEngine\EpicForceEngine\MagnumEngineLib\Debug\btDefaultSoftBodySolver.obj
C:\EpicForceBackup\EpicForceEngine\EpicForceEngine\MagnumEngineLib\Debug\btDiscreteDynamicsWorld.obj
C:\EpicForceBackup\EpicForceEngine\EpicForceEngine\MagnumEngineLib\Debug\btDispatcher.obj
C:\EpicForceBackup\EpicForceEngine\EpicForceEngine\MagnumEngineLib\Debug\btEmptyCollisionAlgorithm.obj
C:\EpicForceBackup\EpicForceEngine\EpicForceEngine\MagnumEngineLib\Debug\btEmptyShape.obj
C:\EpicForceBackup\EpicForceEngine\EpicForceEngine\MagnumEngineLib\Debug\btGearConstraint.obj
C:\EpicForceBackup\EpicForceEngine\EpicForceEngine\MagnumEngineLib\Debug\btGeneric6DofConstraint.obj
C:\EpicForceBackup\EpicForceEngine\EpicForceEngine\MagnumEngineLib\Debug\btGeneric6DofSpringConstraint.obj
C:\EpicForceBackup\EpicForceEngine\EpicForceEngine\MagnumEngineLib\Debug\btGenericPoolAllocator.obj
C:\EpicForceBackup\EpicForceEngine\EpicForceEngine\MagnumEngineLib\Debug\btGeometryUtil.obj
C:\EpicForceBackup\EpicForceEngine\EpicForceEngine\MagnumEngineLib\Debug\btGhostObject.obj
C:\EpicForceBackup\EpicForceEngine\EpicForceEngine\MagnumEngineLib\Debug\btGImpactBvh.obj
C:\EpicForceBackup\EpicForceEngine\EpicForceEngine\MagnumEngineLib\Debug\btGImpactCollisionAlgorithm.obj
C:\EpicForceBackup\EpicForceEngine\EpicForceEngine\MagnumEngineLib\Debug\btGImpactQuantizedBvh.obj
C:\EpicForceBackup\EpicForceEngine\EpicForceEngine\MagnumEngineLib\Debug\btGImpactShape.obj
C:\EpicForceBackup\EpicForceEngine\EpicForceEngine\MagnumEngineLib\Debug\btGjkConvexCast.obj
C:\EpicForceBackup\EpicForceEngine\EpicForceEngine\MagnumEngineLib\Debug\btGjkEpa2.obj
C:\EpicForceBackup\EpicForceEngine\EpicForceEngine\MagnumEngineLib\Debug\btGjkEpaPenetrationDepthSolver.obj
C:\EpicForceBackup\EpicForceEngine\EpicForceEngine\MagnumEngineLib\Debug\btGjkPairDetector.obj
C:\EpicForceBackup\EpicForceEngine\EpicForceEngine\MagnumEngineLib\Debug\btHeightfieldTerrainShape.obj
C:\EpicForceBackup\EpicForceEngine\EpicForceEngine\MagnumEngineLib\Debug\btHinge2Constraint.obj
C:\EpicForceBackup\EpicForceEngine\EpicForceEngine\MagnumEngineLib\Debug\btHingeConstraint.obj
C:\EpicForceBackup\EpicForceEngine\EpicForceEngine\MagnumEngineLib\Debug\btInternalEdgeUtility.obj
C:\EpicForceBackup\EpicForceEngine\EpicForceEngine\MagnumEngineLib\Debug\btKinematicCharacterController.obj
C:\EpicForceBackup\EpicForceEngine\EpicForceEngine\MagnumEngineLib\Debug\btManifoldResult.obj
C:\EpicForceBackup\EpicForceEngine\EpicForceEngine\MagnumEngineLib\Debug\btMinkowskiPenetrationDepthSolver.obj
C:\EpicForceBackup\EpicForceEngine\EpicForceEngine\MagnumEngineLib\Debug\btMinkowskiSumShape.obj
C:\EpicForceBackup\EpicForceEngine\EpicForceEngine\MagnumEngineLib\Debug\btMultimaterialTriangleMeshShape.obj
C:\EpicForceBackup\EpicForceEngine\EpicForceEngine\MagnumEngineLib\Debug\btMultiSapBroadphase.obj
C:\EpicForceBackup\EpicForceEngine\EpicForceEngine\MagnumEngineLib\Debug\btMultiSphereShape.obj
C:\EpicForceBackup\EpicForceEngine\EpicForceEngine\MagnumEngineLib\Debug\btOptimizedBvh.obj
C:\EpicForceBackup\EpicForceEngine\EpicForceEngine\MagnumEngineLib\Debug\btOverlappingPairCache.obj
C:\EpicForceBackup\EpicForceEngine\EpicForceEngine\MagnumEngineLib\Debug\btPersistentManifold.obj
C:\EpicForceBackup\EpicForceEngine\EpicForceEngine\MagnumEngineLib\Debug\btPoint2PointConstraint.obj
C:\EpicForceBackup\EpicForceEngine\EpicForceEngine\MagnumEngineLib\Debug\btPolarDecomposition.obj
C:\EpicForceBackup\EpicForceEngine\EpicForceEngine\MagnumEngineLib\Debug\btPolyhedralContactClipping.obj
C:\EpicForceBackup\EpicForceEngine\EpicForceEngine\MagnumEngineLib\Debug\btPolyhedralConvexShape.obj
C:\EpicForceBackup\EpicForceEngine\EpicForceEngine\MagnumEngineLib\Debug\btQuantizedBvh.obj
C:\EpicForceBackup\EpicForceEngine\EpicForceEngine\MagnumEngineLib\Debug\btQuickprof.obj
C:\EpicForceBackup\EpicForceEngine\EpicForceEngine\MagnumEngineLib\Debug\btRaycastCallback.obj
C:\EpicForceBackup\EpicForceEngine\EpicForceEngine\MagnumEngineLib\Debug\btRaycastVehicle.obj
C:\EpicForceBackup\EpicForceEngine\EpicForceEngine\MagnumEngineLib\Debug\btRigidBody.obj
C:\EpicForceBackup\EpicForceEngine\EpicForceEngine\MagnumEngineLib\Debug\btScaledBvhTriangleMeshShape.obj
C:\EpicForceBackup\EpicForceEngine\EpicForceEngine\MagnumEngineLib\Debug\btSequentialImpulseConstraintSolver.obj
C:\EpicForceBackup\EpicForceEngine\EpicForceEngine\MagnumEngineLib\Debug\btSerializer.obj
C:\EpicForceBackup\EpicForceEngine\EpicForceEngine\MagnumEngineLib\Debug\btShapeHull.obj
C:\EpicForceBackup\EpicForceEngine\EpicForceEngine\MagnumEngineLib\Debug\btSimpleBroadphase.obj
C:\EpicForceBackup\EpicForceEngine\EpicForceEngine\MagnumEngineLib\Debug\btSimpleDynamicsWorld.obj
C:\EpicForceBackup\EpicForceEngine\EpicForceEngine\MagnumEngineLib\Debug\btSimulationIslandManager.obj
C:\EpicForceBackup\EpicForceEngine\EpicForceEngine\MagnumEngineLib\Debug\btSliderConstraint.obj
C:\EpicForceBackup\EpicForceEngine\EpicForceEngine\MagnumEngineLib\Debug\btSoftBody.obj
C:\EpicForceBackup\EpicForceEngine\EpicForceEngine\MagnumEngineLib\Debug\btSoftBodyConcaveCollisionAlgorithm.obj
C:\EpicForceBackup\EpicForceEngine\EpicForceEngine\MagnumEngineLib\Debug\btSoftBodyHelpers.obj
C:\EpicForceBackup\EpicForceEngine\EpicForceEngine\MagnumEngineLib\Debug\btSoftBodyRigidBodyCollisionConfiguration.obj
C:\EpicForceBackup\EpicForceEngine\EpicForceEngine\MagnumEngineLib\Debug\btSoftRigidCollisionAlgorithm.obj
C:\EpicForceBackup\EpicForceEngine\EpicForceEngine\MagnumEngineLib\Debug\btSoftRigidDynamicsWorld.obj
C:\EpicForceBackup\EpicForceEngine\EpicForceEngine\MagnumEngineLib\Debug\btSoftSoftCollisionAlgorithm.obj
C:\EpicForceBackup\EpicForceEngine\EpicForceEngine\MagnumEngineLib\Debug\btSolve2LinearConstraint.obj
C:\EpicForceBackup\EpicForceEngine\EpicForceEngine\MagnumEngineLib\Debug\btSphereBoxCollisionAlgorithm.obj
C:\EpicForceBackup\EpicForceEngine\EpicForceEngine\MagnumEngineLib\Debug\btSphereShape.obj
C:\EpicForceBackup\EpicForceEngine\EpicForceEngine\MagnumEngineLib\Debug\btSphereSphereCollisionAlgorithm.obj
C:\EpicForceBackup\EpicForceEngine\EpicForceEngine\MagnumEngineLib\Debug\btSphereTriangleCollisionAlgorithm.obj
C:\EpicForceBackup\EpicForceEngine\EpicForceEngine\MagnumEngineLib\Debug\btStaticPlaneShape.obj
C:\EpicForceBackup\EpicForceEngine\EpicForceEngine\MagnumEngineLib\Debug\btStridingMeshInterface.obj
C:\EpicForceBackup\EpicForceEngine\EpicForceEngine\MagnumEngineLib\Debug\btSubSimplexConvexCast.obj
C:\EpicForceBackup\EpicForceEngine\EpicForceEngine\MagnumEngineLib\Debug\btTetrahedronShape.obj
C:\EpicForceBackup\EpicForceEngine\EpicForceEngine\MagnumEngineLib\Debug\btTriangleBuffer.obj
C:\EpicForceBackup\EpicForceEngine\EpicForceEngine\MagnumEngineLib\Debug\btTriangleCallback.obj
C:\EpicForceBackup\EpicForceEngine\EpicForceEngine\MagnumEngineLib\Debug\btTriangleIndexVertexArray.obj
C:\EpicForceBackup\EpicForceEngine\EpicForceEngine\MagnumEngineLib\Debug\btTriangleIndexVertexMaterialArray.obj
C:\EpicForceBackup\EpicForceEngine\EpicForceEngine\MagnumEngineLib\Debug\btTriangleMesh.obj
C:\EpicForceBackup\EpicForceEngine\EpicForceEngine\MagnumEngineLib\Debug\btTriangleMeshShape.obj
C:\EpicForceBackup\EpicForceEngine\EpicForceEngine\MagnumEngineLib\Debug\btTriangleShapeEx.obj
C:\EpicForceBackup\EpicForceEngine\EpicForceEngine\MagnumEngineLib\Debug\btTypedConstraint.obj
C:\EpicForceBackup\EpicForceEngine\EpicForceEngine\MagnumEngineLib\Debug\btUniformScalingShape.obj
C:\EpicForceBackup\EpicForceEngine\EpicForceEngine\MagnumEngineLib\Debug\btUnionFind.obj
C:\EpicForceBackup\EpicForceEngine\EpicForceEngine\MagnumEngineLib\Debug\btUniversalConstraint.obj
C:\EpicForceBackup\EpicForceEngine\EpicForceEngine\MagnumEngineLib\Debug\btVector3.obj
C:\EpicForceBackup\EpicForceEngine\EpicForceEngine\MagnumEngineLib\Debug\btVoronoiSimplexSolver.obj
C:\EpicForceBackup\EpicForceEngine\EpicForceEngine\MagnumEngineLib\Debug\btWheelInfo.obj
C:\EpicForceBackup\EpicForceEngine\EpicForceEngine\MagnumEngineLib\Debug\Bullet-C-API.obj
C:\EpicForceBackup\EpicForceEngine\EpicForceEngine\MagnumEngineLib\Debug\BVector2.obj
C:\EpicForceBackup\EpicForceEngine\EpicForceEngine\MagnumEngineLib\Debug\BVector3.obj
C:\EpicForceBackup\EpicForceEngine\EpicForceEngine\MagnumEngineLib\Debug\BVector4.obj
C:\EpicForceBackup\EpicForceEngine\EpicForceEngine\MagnumEngineLib\Debug\BVHTriangleMeshCollider.obj
C:\EpicForceBackup\EpicForceEngine\EpicForceEngine\MagnumEngineLib\Debug\BVHTriangleMeshShape3.obj
C:\EpicForceBackup\EpicForceEngine\EpicForceEngine\MagnumEngineLib\Debug\CameraComponent.obj
C:\EpicForceBackup\EpicForceEngine\EpicForceEngine\MagnumEngineLib\Debug\Capsule3.obj
C:\EpicForceBackup\EpicForceEngine\EpicForceEngine\MagnumEngineLib\Debug\Capsule3Collider.obj
C:\EpicForceBackup\EpicForceEngine\EpicForceEngine\MagnumEngineLib\Debug\CapsuleBound.obj
C:\EpicForceBackup\EpicForceEngine\EpicForceEngine\MagnumEngineLib\Debug\CapsuleShape3.obj
C:\EpicForceBackup\EpicForceEngine\EpicForceEngine\MagnumEngineLib\Debug\Circle2.obj
C:\EpicForceBackup\EpicForceEngine\EpicForceEngine\MagnumEngineLib\Debug\Circle3.obj
C:\EpicForceBackup\EpicForceEngine\EpicForceEngine\MagnumEngineLib\Debug\ClassIndexMap.obj
C:\EpicForceBackup\EpicForceEngine\EpicForceEngine\MagnumEngineLib\Debug\Collision.obj
C:\EpicForceBackup\EpicForceEngine\EpicForceEngine\MagnumEngineLib\Debug\ColorRGB.obj
C:\EpicForceBackup\EpicForceEngine\EpicForceEngine\MagnumEngineLib\Debug\ColorRGBA.obj
C:\EpicForceBackup\EpicForceEngine\EpicForceEngine\MagnumEngineLib\Debug\Component.obj
C:\EpicForceBackup\EpicForceEngine\EpicForceEngine\MagnumEngineLib\Debug\compress.obj
C:\EpicForceBackup\EpicForceEngine\EpicForceEngine\MagnumEngineLib\Debug\Cone3.obj
C:\EpicForceBackup\EpicForceEngine\EpicForceEngine\MagnumEngineLib\Debug\Cone3Collider.obj
C:\EpicForceBackup\EpicForceEngine\EpicForceEngine\MagnumEngineLib\Debug\ConeShape3.obj
C:\EpicForceBackup\EpicForceEngine\EpicForceEngine\MagnumEngineLib\Debug\crc32.obj
C:\EpicForceBackup\EpicForceEngine\EpicForceEngine\MagnumEngineLib\Debug\Cube.obj
C:\EpicForceBackup\EpicForceEngine\EpicForceEngine\MagnumEngineLib\Debug\CubeRenderer.obj
C:\EpicForceBackup\EpicForceEngine\EpicForceEngine\MagnumEngineLib\Debug\Curve2.obj
C:\EpicForceBackup\EpicForceEngine\EpicForceEngine\MagnumEngineLib\Debug\Curve3.obj
C:\EpicForceBackup\EpicForceEngine\EpicForceEngine\MagnumEngineLib\Debug\Cylinder3.obj
C:\EpicForceBackup\EpicForceEngine\EpicForceEngine\MagnumEngineLib\Debug\Cylinder3Collider.obj
C:\EpicForceBackup\EpicForceEngine\EpicForceEngine\MagnumEngineLib\Debug\CylinderShape3.obj
C:\EpicForceBackup\EpicForceEngine\EpicForceEngine\MagnumEngineLib\Debug\deflate.obj
C:\EpicForceBackup\EpicForceEngine\EpicForceEngine\MagnumEngineLib\Debug\Delegate.obj
C:\EpicForceBackup\EpicForceEngine\EpicForceEngine\MagnumEngineLib\Debug\DiffuseMapCube.obj
C:\EpicForceBackup\EpicForceEngine\EpicForceEngine\MagnumEngineLib\Debug\DiffuseMapCubeRenderer.obj
C:\EpicForceBackup\EpicForceEngine\EpicForceEngine\MagnumEngineLib\Debug\DiffuseMapSpecularMapCube.obj
C:\EpicForceBackup\EpicForceEngine\EpicForceEngine\MagnumEngineLib\Debug\DiffuseMapSpecularMapCubeRenderer.obj
C:\EpicForceBackup\EpicForceEngine\EpicForceEngine\MagnumEngineLib\Debug\EditorCameraComponent.obj
C:\EpicForceBackup\EpicForceEngine\EpicForceEngine\MagnumEngineLib\Debug\EditorGizmo.obj
C:\EpicForceBackup\EpicForceEngine\EpicForceEngine\MagnumEngineLib\Debug\EditorGizmoRenderer.obj
C:\EpicForceBackup\EpicForceEngine\EpicForceEngine\MagnumEngineLib\Debug\EMath.obj
C:\EpicForceBackup\EpicForceEngine\EpicForceEngine\MagnumEngineLib\Debug\Entity.obj
C:\EpicForceBackup\EpicForceEngine\EpicForceEngine\MagnumEngineLib\Debug\EntityFieldReader.obj
C:\EpicForceBackup\EpicForceEngine\EpicForceEngine\MagnumEngineLib\Debug\EntityFieldWriter.obj
C:\EpicForceBackup\EpicForceEngine\EpicForceEngine\MagnumEngineLib\Debug\EntityPropertyReader.obj
C:\EpicForceBackup\EpicForceEngine\EpicForceEngine\MagnumEngineLib\Debug\EntityPropertyWriter.obj
C:\EpicForceBackup\EpicForceEngine\EpicForceEngine\MagnumEngineLib\Debug\EString.obj
C:\EpicForceBackup\EpicForceEngine\EpicForceEngine\MagnumEngineLib\Debug\ESystem.obj
C:\EpicForceBackup\EpicForceEngine\EpicForceEngine\MagnumEngineLib\Debug\FileIO.obj
C:\EpicForceBackup\EpicForceEngine\EpicForceEngine\MagnumEngineLib\Debug\Font.obj
C:\EpicForceBackup\EpicForceEngine\EpicForceEngine\MagnumEngineLib\Debug\Frame3.obj
C:\EpicForceBackup\EpicForceEngine\EpicForceEngine\MagnumEngineLib\Debug\GameDescriptor.obj
C:\EpicForceBackup\EpicForceEngine\EpicForceEngine\MagnumEngineLib\Debug\gim_box_set.obj
C:\EpicForceBackup\EpicForceEngine\EpicForceEngine\MagnumEngineLib\Debug\gim_contact.obj
C:\EpicForceBackup\EpicForceEngine\EpicForceEngine\MagnumEngineLib\Debug\gim_memory.obj
C:\EpicForceBackup\EpicForceEngine\EpicForceEngine\MagnumEngineLib\Debug\gim_tri_collision.obj
C:\EpicForceBackup\EpicForceEngine\EpicForceEngine\MagnumEngineLib\Debug\Graphics2Component.obj
C:\EpicForceBackup\EpicForceEngine\EpicForceEngine\MagnumEngineLib\Debug\Graphics3Component.obj
C:\EpicForceBackup\EpicForceEngine\EpicForceEngine\MagnumEngineLib\Debug\GXAttribute.obj
C:\EpicForceBackup\EpicForceEngine\EpicForceEngine\MagnumEngineLib\Debug\GXBlendState.obj
C:\EpicForceBackup\EpicForceEngine\EpicForceEngine\MagnumEngineLib\Debug\GXColorBuffer.obj
C:\EpicForceBackup\EpicForceEngine\EpicForceEngine\MagnumEngineLib\Debug\GXContext.obj
C:\EpicForceBackup\EpicForceEngine\EpicForceEngine\MagnumEngineLib\Debug\GXCullState.obj
C:\EpicForceBackup\EpicForceEngine\EpicForceEngine\MagnumEngineLib\Debug\GXDebugRenderer.obj
C:\EpicForceBackup\EpicForceEngine\EpicForceEngine\MagnumEngineLib\Debug\GXDef.obj
C:\EpicForceBackup\EpicForceEngine\EpicForceEngine\MagnumEngineLib\Debug\GXDepthBuffer.obj
C:\EpicForceBackup\EpicForceEngine\EpicForceEngine\MagnumEngineLib\Debug\GXDepthTestState.obj
C:\EpicForceBackup\EpicForceEngine\EpicForceEngine\MagnumEngineLib\Debug\GXFrameBuffer.obj
C:\EpicForceBackup\EpicForceEngine\EpicForceEngine\MagnumEngineLib\Debug\GXIndexBuffer.obj
C:\EpicForceBackup\EpicForceEngine\EpicForceEngine\MagnumEngineLib\Debug\GXPixelBuffer.obj
C:\EpicForceBackup\EpicForceEngine\EpicForceEngine\MagnumEngineLib\Debug\GXPolygonOffsetState.obj
C:\EpicForceBackup\EpicForceEngine\EpicForceEngine\MagnumEngineLib\Debug\GXPrimitive.obj
C:\EpicForceBackup\EpicForceEngine\EpicForceEngine\MagnumEngineLib\Debug\GXRenderTarget.obj
C:\EpicForceBackup\EpicForceEngine\EpicForceEngine\MagnumEngineLib\Debug\GXShaderProgram.obj
C:\EpicForceBackup\EpicForceEngine\EpicForceEngine\MagnumEngineLib\Debug\GXStencilOpState.obj
C:\EpicForceBackup\EpicForceEngine\EpicForceEngine\MagnumEngineLib\Debug\GXStencilTestState.obj
C:\EpicForceBackup\EpicForceEngine\EpicForceEngine\MagnumEngineLib\Debug\GXTexture.obj
C:\EpicForceBackup\EpicForceEngine\EpicForceEngine\MagnumEngineLib\Debug\GXTexture2D.obj
C:\EpicForceBackup\EpicForceEngine\EpicForceEngine\MagnumEngineLib\Debug\GXTextureCube.obj
C:\EpicForceBackup\EpicForceEngine\EpicForceEngine\MagnumEngineLib\Debug\GXTextureFilterState.obj
C:\EpicForceBackup\EpicForceEngine\EpicForceEngine\MagnumEngineLib\Debug\GXTextureWrapState.obj
C:\EpicForceBackup\EpicForceEngine\EpicForceEngine\MagnumEngineLib\Debug\GXUniform.obj
C:\EpicForceBackup\EpicForceEngine\EpicForceEngine\MagnumEngineLib\Debug\GXVertexBuffer.obj
C:\EpicForceBackup\EpicForceEngine\EpicForceEngine\MagnumEngineLib\Debug\gzclose.obj
C:\EpicForceBackup\EpicForceEngine\EpicForceEngine\MagnumEngineLib\Debug\gzlib.obj
C:\EpicForceBackup\EpicForceEngine\EpicForceEngine\MagnumEngineLib\Debug\gzread.obj
C:\EpicForceBackup\EpicForceEngine\EpicForceEngine\MagnumEngineLib\Debug\gzwrite.obj
C:\EpicForceBackup\EpicForceEngine\EpicForceEngine\MagnumEngineLib\Debug\HeightFieldCollider.obj
C:\EpicForceBackup\EpicForceEngine\EpicForceEngine\MagnumEngineLib\Debug\HeightFieldShape3.obj
C:\EpicForceBackup\EpicForceEngine\EpicForceEngine\MagnumEngineLib\Debug\IComponentDebugRenderer.obj
C:\EpicForceBackup\EpicForceEngine\EpicForceEngine\MagnumEngineLib\Debug\infback.obj
C:\EpicForceBackup\EpicForceEngine\EpicForceEngine\MagnumEngineLib\Debug\inffast.obj
C:\EpicForceBackup\EpicForceEngine\EpicForceEngine\MagnumEngineLib\Debug\inflate.obj
C:\EpicForceBackup\EpicForceEngine\EpicForceEngine\MagnumEngineLib\Debug\inftrees.obj
C:\EpicForceBackup\EpicForceEngine\EpicForceEngine\MagnumEngineLib\Debug\Input.obj
C:\EpicForceBackup\EpicForceEngine\EpicForceEngine\MagnumEngineLib\Debug\InputStream.obj
C:\EpicForceBackup\EpicForceEngine\EpicForceEngine\MagnumEngineLib\Debug\IO.obj
C:\EpicForceBackup\EpicForceEngine\EpicForceEngine\MagnumEngineLib\Debug\ioapi.obj
C:\EpicForceBackup\EpicForceEngine\EpicForceEngine\MagnumEngineLib\Debug\iowin32.obj
C:\EpicForceBackup\EpicForceEngine\EpicForceEngine\MagnumEngineLib\Debug\IVector2.obj
C:\EpicForceBackup\EpicForceEngine\EpicForceEngine\MagnumEngineLib\Debug\IVector3.obj
C:\EpicForceBackup\EpicForceEngine\EpicForceEngine\MagnumEngineLib\Debug\IVector4.obj
C:\EpicForceBackup\EpicForceEngine\EpicForceEngine\MagnumEngineLib\Debug\Line2.obj
C:\EpicForceBackup\EpicForceEngine\EpicForceEngine\MagnumEngineLib\Debug\Line3.obj
C:\EpicForceBackup\EpicForceEngine\EpicForceEngine\MagnumEngineLib\Debug\List.obj
C:\EpicForceBackup\EpicForceEngine\EpicForceEngine\MagnumEngineLib\Debug\Lozenge3.obj
C:\EpicForceBackup\EpicForceEngine\EpicForceEngine\MagnumEngineLib\Debug\MagnumPrefab.obj
C:\EpicForceBackup\EpicForceEngine\EpicForceEngine\MagnumEngineLib\Debug\MagnumScene.obj
C:\EpicForceBackup\EpicForceEngine\EpicForceEngine\MagnumEngineLib\Debug\Matrix2.obj
C:\EpicForceBackup\EpicForceEngine\EpicForceEngine\MagnumEngineLib\Debug\Matrix3.obj
C:\EpicForceBackup\EpicForceEngine\EpicForceEngine\MagnumEngineLib\Debug\Matrix4.obj
C:\EpicForceBackup\EpicForceEngine\EpicForceEngine\MagnumEngineLib\Debug\MultipleCurve2.obj
C:\EpicForceBackup\EpicForceEngine\EpicForceEngine\MagnumEngineLib\Debug\MultipleCurve3.obj
C:\EpicForceBackup\EpicForceEngine\EpicForceEngine\MagnumEngineLib\Debug\mztools.obj
C:\EpicForceBackup\EpicForceEngine\EpicForceEngine\MagnumEngineLib\Debug\OrthographicCameraComponent.obj
C:\EpicForceBackup\EpicForceEngine\EpicForceEngine\MagnumEngineLib\Debug\OutputStream.obj
C:\EpicForceBackup\EpicForceEngine\EpicForceEngine\MagnumEngineLib\Debug\ParticleEmitter.obj
C:\EpicForceBackup\EpicForceEngine\EpicForceEngine\MagnumEngineLib\Debug\ParticleEmitterRenderer.obj
C:\EpicForceBackup\EpicForceEngine\EpicForceEngine\MagnumEngineLib\Debug\PerspectiveCameraComponent.obj
C:\EpicForceBackup\EpicForceEngine\EpicForceEngine\MagnumEngineLib\Debug\Physics3.obj
C:\EpicForceBackup\EpicForceEngine\EpicForceEngine\MagnumEngineLib\Debug\Plane3.obj
C:\EpicForceBackup\EpicForceEngine\EpicForceEngine\MagnumEngineLib\Debug\Platform.obj
C:\EpicForceBackup\EpicForceEngine\EpicForceEngine\MagnumEngineLib\Debug\Polyhedron3.obj
C:\EpicForceBackup\EpicForceEngine\EpicForceEngine\MagnumEngineLib\Debug\Polynomial1.obj
C:\EpicForceBackup\EpicForceEngine\EpicForceEngine\MagnumEngineLib\Debug\ProjectModelViewBase.obj
C:\EpicForceBackup\EpicForceEngine\EpicForceEngine\MagnumEngineLib\Debug\PVRTexConvert.obj
C:\EpicForceBackup\EpicForceEngine\EpicForceEngine\MagnumEngineLib\Debug\PVRTexLoad.obj
C:\EpicForceBackup\EpicForceEngine\EpicForceEngine\MagnumEngineLib\Debug\Quadratic2.obj
C:\EpicForceBackup\EpicForceEngine\EpicForceEngine\MagnumEngineLib\Debug\Quadratic3.obj
C:\EpicForceBackup\EpicForceEngine\EpicForceEngine\MagnumEngineLib\Debug\Quaternion.obj
C:\EpicForceBackup\EpicForceEngine\EpicForceEngine\MagnumEngineLib\Debug\Ray2.obj
C:\EpicForceBackup\EpicForceEngine\EpicForceEngine\MagnumEngineLib\Debug\Ray3.obj
C:\EpicForceBackup\EpicForceEngine\EpicForceEngine\MagnumEngineLib\Debug\RaySphereCast.obj
C:\EpicForceBackup\EpicForceEngine\EpicForceEngine\MagnumEngineLib\Debug\Rectangle2.obj
C:\EpicForceBackup\EpicForceEngine\EpicForceEngine\MagnumEngineLib\Debug\Rectangle3.obj
C:\EpicForceBackup\EpicForceEngine\EpicForceEngine\MagnumEngineLib\Debug\ReflectedClassFieldReader.obj
C:\EpicForceBackup\EpicForceEngine\EpicForceEngine\MagnumEngineLib\Debug\ReflectedClassFieldWriter.obj
C:\EpicForceBackup\EpicForceEngine\EpicForceEngine\MagnumEngineLib\Debug\ReflectedClassPropertyReader.obj
C:\EpicForceBackup\EpicForceEngine\EpicForceEngine\MagnumEngineLib\Debug\ReflectedClassPropertyWriter.obj
C:\EpicForceBackup\EpicForceEngine\EpicForceEngine\MagnumEngineLib\Debug\reflection.obj
C:\EpicForceBackup\EpicForceEngine\EpicForceEngine\MagnumEngineLib\Debug\RendererBase.obj
C:\EpicForceBackup\EpicForceEngine\EpicForceEngine\MagnumEngineLib\Debug\RenderStatesBlock.obj
C:\EpicForceBackup\EpicForceEngine\EpicForceEngine\MagnumEngineLib\Debug\ResourceAccess.obj
C:\EpicForceBackup\EpicForceEngine\EpicForceEngine\MagnumEngineLib\Debug\ResourceImport.obj
C:\EpicForceBackup\EpicForceEngine\EpicForceEngine\MagnumEngineLib\Debug\ResourcePath.obj
C:\EpicForceBackup\EpicForceEngine\EpicForceEngine\MagnumEngineLib\Debug\Scene.obj
C:\EpicForceBackup\EpicForceEngine\EpicForceEngine\MagnumEngineLib\Debug\SceneCollision.obj
C:\EpicForceBackup\EpicForceEngine\EpicForceEngine\MagnumEngineLib\Debug\Segment2.obj
C:\EpicForceBackup\EpicForceEngine\EpicForceEngine\MagnumEngineLib\Debug\Segment3.obj
C:\EpicForceBackup\EpicForceEngine\EpicForceEngine\MagnumEngineLib\Debug\Selection3.obj
C:\EpicForceBackup\EpicForceEngine\EpicForceEngine\MagnumEngineLib\Debug\Service.obj
C:\EpicForceBackup\EpicForceEngine\EpicForceEngine\MagnumEngineLib\Debug\ShaderProgramBlock.obj
C:\EpicForceBackup\EpicForceEngine\EpicForceEngine\MagnumEngineLib\Debug\Shape3.obj
C:\EpicForceBackup\EpicForceEngine\EpicForceEngine\MagnumEngineLib\Debug\SingleCurve2.obj
C:\EpicForceBackup\EpicForceEngine\EpicForceEngine\MagnumEngineLib\Debug\SingleCurve3.obj
C:\EpicForceBackup\EpicForceEngine\EpicForceEngine\MagnumEngineLib\Debug\SkeletalAnimation.obj
C:\EpicForceBackup\EpicForceEngine\EpicForceEngine\MagnumEngineLib\Debug\SkeletalAnimBase.obj
C:\EpicForceBackup\EpicForceEngine\EpicForceEngine\MagnumEngineLib\Debug\SkeletalAnimBlender.obj
C:\EpicForceBackup\EpicForceEngine\EpicForceEngine\MagnumEngineLib\Debug\SkeletalAnimModel.obj
C:\EpicForceBackup\EpicForceEngine\EpicForceEngine\MagnumEngineLib\Debug\SkeletalAnimModelComponent.obj
C:\EpicForceBackup\EpicForceEngine\EpicForceEngine\MagnumEngineLib\Debug\SkeletalAnimModelRenderer.obj
C:\EpicForceBackup\EpicForceEngine\EpicForceEngine\MagnumEngineLib\Debug\SkySphere.obj
C:\EpicForceBackup\EpicForceEngine\EpicForceEngine\MagnumEngineLib\Debug\SkySphereRenderer.obj
C:\EpicForceBackup\EpicForceEngine\EpicForceEngine\MagnumEngineLib\Debug\Sphere3.obj
C:\EpicForceBackup\EpicForceEngine\EpicForceEngine\MagnumEngineLib\Debug\Sphere3Collider.obj
C:\EpicForceBackup\EpicForceEngine\EpicForceEngine\MagnumEngineLib\Debug\Sphere3Collision.obj
C:\EpicForceBackup\EpicForceEngine\EpicForceEngine\MagnumEngineLib\Debug\SphereBound.obj
C:\EpicForceBackup\EpicForceEngine\EpicForceEngine\MagnumEngineLib\Debug\SphereShape3.obj
C:\EpicForceBackup\EpicForceEngine\EpicForceEngine\MagnumEngineLib\Debug\SphereTriangleDetector.obj
C:\EpicForceBackup\EpicForceEngine\EpicForceEngine\MagnumEngineLib\Debug\SpriteSheet.obj
C:\EpicForceBackup\EpicForceEngine\EpicForceEngine\MagnumEngineLib\Debug\SRTTransform.obj
C:\EpicForceBackup\EpicForceEngine\EpicForceEngine\MagnumEngineLib\Debug\Stage.obj
C:\EpicForceBackup\EpicForceEngine\EpicForceEngine\MagnumEngineLib\Debug\StagePCPlatformDepFunc.obj
C:\EpicForceBackup\EpicForceEngine\EpicForceEngine\MagnumEngineLib\Debug\State.obj
C:\EpicForceBackup\EpicForceEngine\EpicForceEngine\MagnumEngineLib\Debug\StateMachine.obj
C:\EpicForceBackup\EpicForceEngine\EpicForceEngine\MagnumEngineLib\Debug\TCBSpline2.obj
C:\EpicForceBackup\EpicForceEngine\EpicForceEngine\MagnumEngineLib\Debug\TCBSpline3.obj
C:\EpicForceBackup\EpicForceEngine\EpicForceEngine\MagnumEngineLib\Debug\Tetrahedron3.obj
C:\EpicForceBackup\EpicForceEngine\EpicForceEngine\MagnumEngineLib\Debug\Texture2DBase.obj
C:\EpicForceBackup\EpicForceEngine\EpicForceEngine\MagnumEngineLib\Debug\Texture2DFile.obj
C:\EpicForceBackup\EpicForceEngine\EpicForceEngine\MagnumEngineLib\Debug\TextureBase.obj
C:\EpicForceBackup\EpicForceEngine\EpicForceEngine\MagnumEngineLib\Debug\TextureCubeBase.obj
C:\EpicForceBackup\EpicForceEngine\EpicForceEngine\MagnumEngineLib\Debug\TextureCubeFile.obj
C:\EpicForceBackup\EpicForceEngine\EpicForceEngine\MagnumEngineLib\Debug\TextureUniformsBlock.obj
C:\EpicForceBackup\EpicForceEngine\EpicForceEngine\MagnumEngineLib\Debug\tinystr.obj
C:\EpicForceBackup\EpicForceEngine\EpicForceEngine\MagnumEngineLib\Debug\tinyxml.obj
C:\EpicForceBackup\EpicForceEngine\EpicForceEngine\MagnumEngineLib\Debug\tinyxmlerror.obj
C:\EpicForceBackup\EpicForceEngine\EpicForceEngine\MagnumEngineLib\Debug\tinyxmlparser.obj
C:\EpicForceBackup\EpicForceEngine\EpicForceEngine\MagnumEngineLib\Debug\Transform.obj
C:\EpicForceBackup\EpicForceEngine\EpicForceEngine\MagnumEngineLib\Debug\trees.obj
C:\EpicForceBackup\EpicForceEngine\EpicForceEngine\MagnumEngineLib\Debug\Triangle2.obj
C:\EpicForceBackup\EpicForceEngine\EpicForceEngine\MagnumEngineLib\Debug\Triangle3.obj
C:\EpicForceBackup\EpicForceEngine\EpicForceEngine\MagnumEngineLib\Debug\uncompr.obj
C:\EpicForceBackup\EpicForceEngine\EpicForceEngine\MagnumEngineLib\Debug\UniformsBlock.obj
C:\EpicForceBackup\EpicForceEngine\EpicForceEngine\MagnumEngineLib\Debug\unzip.obj
C:\EpicForceBackup\EpicForceEngine\EpicForceEngine\MagnumEngineLib\Debug\Vector10.obj
C:\EpicForceBackup\EpicForceEngine\EpicForceEngine\MagnumEngineLib\Debug\Vector2.obj
C:\EpicForceBackup\EpicForceEngine\EpicForceEngine\MagnumEngineLib\Debug\Vector3.obj
C:\EpicForceBackup\EpicForceEngine\EpicForceEngine\MagnumEngineLib\Debug\Vector4.obj
C:\EpicForceBackup\EpicForceEngine\EpicForceEngine\MagnumEngineLib\Debug\VehicleCollider.obj
C:\EpicForceBackup\EpicForceEngine\EpicForceEngine\MagnumEngineLib\Debug\Video.obj
C:\EpicForceBackup\EpicForceEngine\EpicForceEngine\MagnumEngineLib\Debug\VisualEffect.obj
C:\EpicForceBackup\EpicForceEngine\EpicForceEngine\MagnumEngineLib\Debug\zip.obj
C:\EpicForceBackup\EpicForceEngine\EpicForceEngine\MagnumEngineLib\Debug\ZipFile.obj
C:\EpicForceBackup\EpicForceEngine\EpicForceEngine\MagnumEngineLib\Debug\zutil.obj
C:\EpicForceBackup\EpicForceEngine\EpicForceEngine\MagnumEngineLib\Debug\cl.command.1.tlog
C:\EpicForceBackup\EpicForceEngine\EpicForceEngine\MagnumEngineLib\Debug\CL.read.1.tlog
C:\EpicForceBackup\EpicForceEngine\EpicForceEngine\MagnumEngineLib\Debug\CL.write.1.tlog
C:\EpicForceBackup\EpicForceEngine\EpicForceEngine\MagnumEngineLib\Debug\Lib-link.read.1.tlog
C:\EpicForceBackup\EpicForceEngine\EpicForceEngine\MagnumEngineLib\Debug\Lib-link.write.1.tlog
C:\EpicForceBackup\EpicForceEngine\EpicForceEngine\MagnumEngineLib\Debug\lib.command.1.tlog
C:\EpicForceBackup\EpicForceEngine\EpicForceEngine\MagnumEngineLib\Debug\vc110.idb
C:\EpicForceBackup\EpicForceEngine\EpicForceEngine\MagnumEngineLib\Debug\vc110.pdb
